4.88000e+02
4.89000e+02
4.90000e+02
4.91000e+02
4.92000e+02
4.93000e+02
4.94000e+02
4.95000e+02
4.96000e+02
4.97000e+02
4.98000e+02
4.99000e+02
5.00000e+02
5.01000e+02
5.02000e+02
5.03000e+02
5.04000e+02
5.05000e+02
5.06000e+02
5.07000e+02
5.08000e+02
5.09000e+02
5.10000e+02
5.11000e+02
5.12000e+02
5.13000e+02
5.14000e+02
5.15000e+02
5.16000e+02
5.17000e+02
5.18000e+02
5.19000e+02
5.20000e+02
5.21000e+02
5.22000e+02
5.23000e+02
5.24000e+02
5.25000e+02
5.26000e+02
5.27000e+02
5.28000e+02
5.29000e+02
5.30000e+02
5.31000e+02
5.32000e+02
5.33000e+02
5.34000e+02
5.35000e+02
5.36000e+02
5.37000e+02
5.38000e+02
5.39000e+02
5.40000e+02
5.41000e+02
5.42000e+02
5.43000e+02
5.44000e+02
5.45000e+02
5.46000e+02
5.47000e+02
5.48000e+02
5.49000e+02
5.50000e+02
5.51000e+02
5.52000e+02
5.53000e+02
5.54000e+02
5.55000e+02
5.56000e+02
5.57000e+02
5.58000e+02
5.59000e+02
5.60000e+02
5.61000e+02
5.62000e+02
5.63000e+02
5.64000e+02
5.65000e+02
5.66000e+02
5.67000e+02
5.68000e+02
5.69000e+02
5.70000e+02
5.71000e+02
5.72000e+02
5.73000e+02
5.74000e+02
5.75000e+02
5.76000e+02
5.77000e+02
5.78000e+02
5.79000e+02
5.80000e+02
5.81000e+02
5.82000e+02
5.83000e+02
5.84000e+02
5.85000e+02
5.86000e+02
5.87000e+02
5.88000e+02
5.89000e+02
5.90000e+02
5.91000e+02
5.92000e+02
5.93000e+02
5.94000e+02
5.95000e+02
5.96000e+02
5.97000e+02
5.98000e+02
5.99000e+02
6.00000e+02
6.01000e+02
6.02000e+02
6.03000e+02
6.04000e+02
6.05000e+02
6.06000e+02
6.07000e+02
6.08000e+02
6.09000e+02
6.10000e+02
6.11000e+02
6.12000e+02
6.13000e+02
6.14000e+02
6.15000e+02
6.16000e+02
6.17000e+02
6.18000e+02
6.19000e+02
6.20000e+02
6.21000e+02
6.22000e+02
6.23000e+02
