0.0000000000e+00 0.0000000000e+00 0.0000000000e+00 0.0000000000e+00
1.0000000000e+00 0.0000000000e+00 0.0000000000e+00 0.0000000000e+00
2.0000000000e+00 0.0000000000e+00 0.0000000000e+00 0.0000000000e+00
3.0000000000e+00 0.0000000000e+00 0.0000000000e+00 0.0000000000e+00
4.0000000000e+00 0.0000000000e+00 0.0000000000e+00 0.0000000000e+00
5.0000000000e+00 0.0000000000e+00 0.0000000000e+00 0.0000000000e+00
6.0000000000e+00 0.0000000000e+00 0.0000000000e+00 0.0000000000e+00
7.0000000000e+00 0.0000000000e+00 0.0000000000e+00 0.0000000000e+00
8.0000000000e+00 0.0000000000e+00 0.0000000000e+00 0.0000000000e+00
9.0000000000e+00 0.0000000000e+00 0.0000000000e+00 0.0000000000e+00
1.0000000000e+01 0.0000000000e+00 0.0000000000e+00 0.0000000000e+00
1.1000000000e+01 0.0000000000e+00 0.0000000000e+00 0.0000000000e+00
1.2000000000e+01 0.0000000000e+00 0.0000000000e+00 0.0000000000e+00
1.3000000000e+01 0.0000000000e+00 0.0000000000e+00 0.0000000000e+00
1.4000000000e+01 0.0000000000e+00 0.0000000000e+00 0.0000000000e+00
1.5000000000e+01 0.0000000000e+00 0.0000000000e+00 0.0000000000e+00
1.6000000000e+01 0.0000000000e+00 0.0000000000e+00 0.0000000000e+00
1.7000000000e+01 0.0000000000e+00 0.0000000000e+00 0.0000000000e+00
1.8000000000e+01 0.0000000000e+00 0.0000000000e+00 0.0000000000e+00
1.9000000000e+01 0.0000000000e+00 0.0000000000e+00 0.0000000000e+00
2.0000000000e+01 0.0000000000e+00 0.0000000000e+00 0.0000000000e+00
2.1000000000e+01 0.0000000000e+00 0.0000000000e+00 0.0000000000e+00
2.2000000000e+01 0.0000000000e+00 0.0000000000e+00 0.0000000000e+00
2.3000000000e+01 0.0000000000e+00 0.0000000000e+00 0.0000000000e+00
2.4000000000e+01 0.0000000000e+00 0.0000000000e+00 0.0000000000e+00
2.5000000000e+01 0.0000000000e+00 0.0000000000e+00 0.0000000000e+00
2.6000000000e+01 0.0000000000e+00 0.0000000000e+00 0.0000000000e+00
2.7000000000e+01 0.0000000000e+00 0.0000000000e+00 0.0000000000e+00
2.8000000000e+01 0.0000000000e+00 0.0000000000e+00 0.0000000000e+00
2.9000000000e+01 0.0000000000e+00 0.0000000000e+00 0.0000000000e+00
3.0000000000e+01 0.0000000000e+00 0.0000000000e+00 0.0000000000e+00
3.1000000000e+01 0.0000000000e+00 0.0000000000e+00 0.0000000000e+00
3.2000000000e+01 0.0000000000e+00 0.0000000000e+00 0.0000000000e+00
3.3000000000e+01 0.0000000000e+00 0.0000000000e+00 0.0000000000e+00
3.4000000000e+01 0.0000000000e+00 0.0000000000e+00 0.0000000000e+00
3.5000000000e+01 0.0000000000e+00 0.0000000000e+00 0.0000000000e+00
3.6000000000e+01 0.0000000000e+00 0.0000000000e+00 0.0000000000e+00
3.7000000000e+01 0.0000000000e+00 0.0000000000e+00 0.0000000000e+00
3.8000000000e+01 0.0000000000e+00 0.0000000000e+00 0.0000000000e+00
3.9000000000e+01 0.0000000000e+00 0.0000000000e+00 0.0000000000e+00
4.0000000000e+01 2.1295302345e-05 -7.0949431872e-05 -1.5026908937e-04
4.1000000000e+01 1.1278829733e-05 -7.0949431872e-05 -5.3227392949e-05
4.2000000000e+01 -1.2760704535e-05 -7.0949431872e-05 1.2995386049e-04
4.3000000000e+01 -3.4796944281e-05 -7.0949431872e-05 -7.3139117333e-05
4.4000000000e+01 -5.2025277173e-05 -7.0949431872e-05 9.4592558983e-05
4.5000000000e+01 -5.2025277173e-05 -5.3721098980e-05 8.3960789766e-07
4.6000000000e+01 1.1278829733e-05 -5.3721098980e-05 9.2584315900e-06
4.7000000000e+01 -1.2760704535e-05 -5.3721098980e-05 6.3409684248e-06
4.8000000000e+01 2.1295302345e-05 -3.3688153756e-05 -4.4852649716e-05
4.9000000000e+01 1.1278829733e-05 -3.3688153756e-05 3.8769069037e-06
5.0000000000e+01 1.1278829733e-05 -4.2502649654e-05 1.6917569413e-05
5.1000000000e+01 -1.2760704535e-05 -3.3688153756e-05 1.6651283398e-06
5.2000000000e+01 -3.4796944281e-05 -3.3688153756e-05 -4.9985651881e-05
5.3000000000e+01 -3.4796944281e-05 -5.3721098980e-05 -1.3114723403e-05
5.4000000000e+01 -5.2025277173e-05 -3.8095401705e-05 -3.1676837112e-05
5.5000000000e+01 -5.2025277173e-05 -2.8078929093e-05 4.4268962414e-05
5.6000000000e+01 -3.4796944281e-05 -2.8078929093e-05 -2.1205693851e-05
5.7000000000e+01 -3.4796944281e-05 -2.0867068813e-05 1.6051488832e-05
5.8000000000e+01 -5.2025277173e-05 -8.0459838698e-06 -3.5120557875e-05
5.9000000000e+01 -3.4796944281e-05 -8.0459838698e-06 6.0990083465e-06
6.0000000000e+01 -5.2025277173e-05 -3.2805780314e-08 -6.1642895865e-05
6.1000000000e+01 -1.2760704535e-05 -8.0459838698e-06 -5.0385129457e-07
6.2000000000e+01 -3.4796944281e-05 1.1986961354e-05 3.5081036420e-05
6.3000000000e+01 -5.2025277173e-05 1.1986961354e-05 1.9903549360e-05
6.4000000000e+01 -2.4860603450e-05 1.1986961354e-05 9.4440143983e-06
6.5000000000e+01 -2.4860603450e-05 3.0016612055e-05 5.5135997685e-06
6.6000000000e+01 -5.2025277173e-05 3.0016612055e-05 4.4626175477e-06
6.7000000000e+01 -5.2025277173e-05 5.0049557279e-05 -8.2416371324e-05
6.8000000000e+01 -2.4860603450e-05 5.0049557279e-05 7.4622750034e-05
6.9000000000e+01 -1.2760704535e-05 5.1612127006e-05 3.1668991955e-05
7.0000000000e+01 -1.2760704535e-05 3.0016612055e-05 4.2989204014e-06
7.1000000000e+01 -1.2760704535e-05 1.1986961354e-05 -1.9426577130e-05
7.2000000000e+01 1.1278829733e-05 5.4697200571e-05 -1.3407142187e-05
7.3000000000e+01 1.1278829733e-05 3.0016612055e-05 -1.8510515045e-05
7.4000000000e+01 1.1278829733e-05 1.1986961354e-05 -8.8902892675e-06
7.5000000000e+01 1.1278829733e-05 -8.0459838698e-06 2.7669314200e-06
7.6000000000e+01 2.1295302345e-05 5.5979309065e-05 1.3762438383e-05
7.7000000000e+01 2.1295302345e-05 3.0016612055e-05 2.6426404393e-05
7.8000000000e+01 2.1295302345e-05 1.1986961354e-05 8.9663656325e-06
7.9000000000e+01 2.1295302345e-05 -8.0459838698e-06 -9.6610070312e-06
8.0000000000e+01 0.0000000000e+00 0.0000000000e+00 0.0000000000e+00
8.1000000000e+01 2.1295302345e-05 -5.3721098980e-05 -2.3905776207e-05
8.2000000000e+01 6.6054687366e-05 -2.1738475710e-04 -2.5570647868e-04
8.3000000000e+01 3.5629917727e-05 -2.1738475710e-04 -9.9816883661e-05
8.4000000000e+01 -3.7389529407e-05 -2.1738475710e-04 2.3039742714e-04
8.5000000000e+01 -1.0432402261e-04 -2.1738475710e-04 -1.1543013751e-04
8.6000000000e+01 -1.5665462639e-04 -2.1738475710e-04 1.5716544751e-04
8.7000000000e+01 -1.5665462639e-04 -1.6505415332e-04 1.7897788326e-06
8.8000000000e+01 3.5629917727e-05 -1.6505415332e-04 1.6897644307e-05
8.9000000000e+01 -3.7389529407e-05 -1.6505415332e-04 1.2327447188e-05
9.0000000000e+01 6.6054687366e-05 -1.0420461404e-04 -7.4187403732e-05
9.1000000000e+01 3.5629917727e-05 -1.0420461404e-04 3.5654181352e-06
9.2000000000e+01 3.5629917727e-05 -1.3097841133e-04 2.7291822463e-05
9.3000000000e+01 -3.7389529407e-05 -1.0420461404e-04 3.1748823050e-06
9.4000000000e+01 -1.0432402261e-04 -1.0420461404e-04 -7.7797563085e-05
9.5000000000e+01 -1.0432402261e-04 -1.6505415332e-04 -2.4993158423e-05
9.6000000000e+01 -1.5665462639e-04 -1.1759151269e-04 -4.2154621401e-05
9.7000000000e+01 -1.5665462639e-04 -8.7166743046e-05 7.1612330392e-05
9.8000000000e+01 -1.0432402261e-04 -8.7166743046e-05 -3.6019144763e-05
9.9000000000e+01 -1.0432402261e-04 -6.5260908906e-05 1.8093902951e-05
1.0000000000e+02 -1.5665462639e-04 -2.6317203768e-05 -6.5214221945e-05
1.0100000000e+02 -1.0432402261e-04 -2.6317203768e-05 1.1098100653e-05
1.0200000000e+02 -1.5665462639e-04 -1.9773880562e-06 -9.7188784900e-05
1.0300000000e+02 -3.7389529407e-05 -2.6317203768e-05 -8.7828501883e-07
1.0400000000e+02 -1.0432402261e-04 3.4532335511e-05 6.1874421701e-05
1.0500000000e+02 -1.5665462639e-04 3.4532335511e-05 3.1533662981e-05
1.0600000000e+02 -7.4142651132e-05 3.4532335511e-05 1.8252769728e-05
1.0700000000e+02 -7.4142651132e-05 8.9296920862e-05 1.0651052717e-05
1.0800000000e+02 -1.5665462639e-04 8.9296920862e-05 8.5370698532e-06
1.0900000000e+02 -1.5665462639e-04 1.5014646014e-04 -1.4161066777e-04
1.1000000000e+02 -7.4142651132e-05 1.5014646014e-04 1.2646005436e-04
1.1100000000e+02 -3.7389529407e-05 1.5489272420e-04 5.4870425791e-05
1.1200000000e+02 -3.7389529407e-05 8.9296920862e-05 8.4342772395e-06
1.1300000000e+02 -3.7389529407e-05 3.4532335511e-05 -3.0472424258e-05
1.1400000000e+02 3.5629917727e-05 1.6426355325e-04 -2.4951108335e-05
1.1500000000e+02 3.5629917727e-05 8.9296920862e-05 -2.4694212541e-05
1.1600000000e+02 3.5629917727e-05 3.4532335511e-05 -1.2058756047e-05
1.1700000000e+02 3.5629917727e-05 -2.6317203768e-05 3.6709709275e-06
1.1800000000e+02 6.6054687366e-05 1.6815792377e-04 2.5650742828e-05
1.1900000000e+02 6.6054687366e-05 8.9296920862e-05 3.9911703504e-05
1.2000000000e+02 6.6054687366e-05 3.4532335511e-05 1.2243447358e-05
1.2100000000e+02 6.6054687366e-05 -2.6317203768e-05 -1.7053537737e-05
1.2200000000e+02 6.6054687366e-05 -1.6505415332e-04 -4.5346503273e-05
1.2300000000e+02 1.2853755381e-04 -4.1251706065e-04 -3.2836892670e-04
1.2400000000e+02 7.1118571621e-05 -4.1251706065e-04 -1.3241955251e-04
1.2500000000e+02 -6.6686985625e-05 -4.1251706065e-04 2.9695589217e-04
1.2600000000e+02 -1.9300874643e-04 -4.1251706065e-04 -1.3964584778e-04
1.2700000000e+02 -2.9176939579e-04 -4.1251706065e-04 1.9956692267e-04
1.2800000000e+02 -2.9176939579e-04 -3.1375641129e-04 2.7946278840e-06
1.2900000000e+02 7.1118571621e-05 -3.1375641129e-04 2.2662585427e-05
1.3000000000e+02 -6.6686985625e-05 -3.1375641129e-04 1.7642843391e-05
1.3100000000e+02 1.2853755381e-04 -1.9891844692e-04 -9.5359810975e-05
1.3200000000e+02 7.1118571621e-05 -1.9891844692e-04 1.8956643975e-06
1.3300000000e+02 7.1118571621e-05 -2.4944715124e-04 3.4066674298e-05
1.3400000000e+02 -6.6686985625e-05 -1.9891844692e-04 4.4714171447e-06
1.3500000000e+02 -1.9300874643e-04 -1.9891844692e-04 -9.6677042466e-05
1.3600000000e+02 -1.9300874643e-04 -3.1375641129e-04 -3.5143253036e-05
1.3700000000e+02 -2.9176939579e-04 -2.2418279908e-04 -4.6797830591e-05
1.3800000000e+02 -2.9176939579e-04 -1.6676381690e-04 9.0146031122e-05
1.3900000000e+02 -1.9300874643e-04 -1.6676381690e-04 -4.6570030374e-05
1.4000000000e+02 -1.9300874643e-04 -1.2542214972e-04 1.8098242836e-05
1.4100000000e+02 -2.9176939579e-04 -5.1925852524e-05 -8.8635568841e-05
1.4200000000e+02 -1.9300874643e-04 -5.1925852524e-05 1.4831193778e-05
1.4300000000e+02 -2.9176939579e-04 -5.9906667751e-06 -1.1705134999e-04
1.4400000000e+02 -6.6686985625e-05 -5.1925852524e-05 -1.0664914552e-06
1.4500000000e+02 -1.9300874643e-04 6.2912111848e-05 7.8592251751e-05
1.4600000000e+02 -2.9176939579e-04 6.2912111848e-05 3.9759811422e-05
1.4700000000e+02 -1.3604911611e-04 6.2912111848e-05 2.5905199073e-05
1.4800000000e+02 -1.3604911611e-04 1.6626627978e-04 1.5220093892e-05
1.4900000000e+02 -2.9176939579e-04 1.6626627978e-04 1.2064048386e-05
1.5000000000e+02 -2.9176939579e-04 2.8110424415e-04 -1.7971166631e-04
1.5100000000e+02 -1.3604911611e-04 2.8110424415e-04 1.5800320315e-04
1.5200000000e+02 -6.6686985625e-05 2.9006160537e-04 6.8793292517e-05
1.5300000000e+02 -6.6686985625e-05 1.6626627978e-04 1.2497273428e-05
1.5400000000e+02 -6.6686985625e-05 6.2912111848e-05 -3.3652137328e-05
1.5500000000e+02 7.1118571621e-05 3.0774665189e-04 -3.4215396568e-05
1.5600000000e+02 7.1118571621e-05 1.6626627978e-04 -2.8737409630e-05
1.5700000000e+02 7.1118571621e-05 6.2912111848e-05 -1.4344658366e-05
1.5800000000e+02 7.1118571621e-05 -5.1925852524e-05 3.8329019110e-06
1.5900000000e+02 1.2853755381e-04 3.1509628161e-04 3.5228606370e-05
1.6000000000e+02 1.2853755381e-04 1.6626627978e-04 5.0388094907e-05
1.6100000000e+02 1.2853755381e-04 6.2912111848e-05 1.4701120719e-05
1.6200000000e+02 1.2853755381e-04 -5.1925852524e-05 -2.3036280115e-05
1.6300000000e+02 1.2853755381e-04 -3.1375641129e-04 -6.3453217629e-05
1.6400000000e+02 2.0301777742e-04 -6.3709234829e-04 -3.7201510646e-04
1.6500000000e+02 1.1472686718e-04 -6.3709234829e-04 -1.5346645893e-04
1.6600000000e+02 -9.7171317400e-05 -6.3709234829e-04 3.3541001313e-04
1.6700000000e+02 -2.9141131993e-04 -6.3709234829e-04 -1.5061916082e-04
1.6800000000e+02 -4.4327168554e-04 -6.3709234829e-04 2.2603681874e-04
1.6900000000e+02 -4.4327168554e-04 -4.8523198268e-04 3.7795978075e-06
1.7000000000e+02 1.1472686718e-04 -4.8523198268e-04 2.6552359703e-05
1.7100000000e+02 -9.7171317400e-05 -4.8523198268e-04 2.2104071949e-05
1.7200000000e+02 2.0301777742e-04 -3.0865016220e-04 -1.0912359945e-04
1.7300000000e+02 1.1472686718e-04 -3.0865016220e-04 -5.5231927031e-07
1.7400000000e+02 1.1472686718e-04 -3.8634616321e-04 3.7492819538e-05
1.7500000000e+02 -9.7171317400e-05 -3.0865016220e-04 5.5239877613e-06
1.7600000000e+02 -2.9141131993e-04 -3.0865016220e-04 -1.0665745851e-04
1.7700000000e+02 -2.9141131993e-04 -4.8523198268e-04 -4.3314769497e-05
1.7800000000e+02 -4.4327168554e-04 -3.4749816270e-04 -4.6680165720e-05
1.7900000000e+02 -4.4327168554e-04 -2.5920725246e-04 1.0088697700e-04
1.8000000000e+02 -2.9141131993e-04 -2.5920725246e-04 -5.3261405419e-05
1.8100000000e+02 -2.9141131993e-04 -1.9563779709e-04 1.5638843796e-05
1.8200000000e+02 -4.4327168554e-04 -8.2625431980e-05 -1.0522868830e-04
1.8300000000e+02 -2.9141131993e-04 -8.2625431980e-05 1.7315280416e-05
1.8400000000e+02 -4.4327168554e-04 -1.1992703787e-05 -1.2553640940e-04
1.8500000000e+02 -9.7171317400e-05 -8.2625431980e-05 -1.0760112638e-06
1.8600000000e+02 -2.9141131993e-04 9.3956388502e-05 8.7540953927e-05
1.8700000000e+02 -4.4327168554e-04 9.3956388502e-05 4.5029645467e-05
1.8800000000e+02 -2.0382673697e-04 9.3956388502e-05 3.2141116227e-05
1.8900000000e+02 -2.0382673697e-04 2.5288002694e-04 1.9089180504e-05
1.9000000000e+02 -4.4327168554e-04 2.5288002694e-04 1.4966566593e-05
1.9100000000e+02 -4.4327168554e-04 4.2946184742e-04 -2.0090441375e-04
1.9200000000e+02 -2.0382673697e-04 4.2946184742e-04 1.7365742770e-04
1.9300000000e+02 -9.7171317400e-05 4.4323522941e-04 7.5416971703e-05
1.9400000000e+02 -9.7171317400e-05 2.5288002694e-04 1.6301644799e-05
1.9500000000e+02 -9.7171317400e-05 9.3956388502e-05 -3.1552605447e-05
1.9600000000e+02 1.1472686718e-04 4.7042882977e-04 -4.1088534166e-05
1.9700000000e+02 1.1472686718e-04 2.5288002694e-04 -2.9092328977e-05
1.9800000000e+02 1.1472686718e-04 9.3956388502e-05 -1.4861509368e-05
1.9900000000e+02 1.1472686718e-04 -8.2625431980e-05 3.3865749072e-06
2.0000000000e+02 2.0301777742e-04 4.8173006628e-04 4.2378344100e-05
2.0100000000e+02 2.0301777742e-04 2.5288002694e-04 5.6111745727e-05
2.0200000000e+02 2.0301777742e-04 9.3956388502e-05 1.5443498472e-05
2.0300000000e+02 2.0301777742e-04 -8.2625431980e-05 -2.7560554755e-05
2.0400000000e+02 2.0301777742e-04 -4.8523198268e-04 -7.7829738718e-05
2.0500000000e+02 2.8443906033e-04 -8.7511266919e-04 -3.9227923866e-04
2.0600000000e+02 1.6365064482e-04 -8.7511266919e-04 -1.6497135121e-04
2.0700000000e+02 -1.2624155239e-04 -8.7511266919e-04 3.5157497316e-04
2.0800000000e+02 -3.9197606650e-04 -8.7511266919e-04 -1.5120544679e-04
2.0900000000e+02 -5.9973214117e-04 -8.7511266919e-04 2.3910185458e-04
2.1000000000e+02 -5.9973214117e-04 -6.6735659453e-04 4.6590010446e-06
2.1100000000e+02 1.6365064482e-04 -6.6735659453e-04 2.8801751150e-05
2.1200000000e+02 -1.2624155239e-04 -6.6735659453e-04 2.5631025674e-05
2.1300000000e+02 2.8443906033e-04 -4.2577976352e-04 -1.1657358527e-04
2.1400000000e+02 1.6365064482e-04 -4.2577976352e-04 -3.4023657316e-06
2.1500000000e+02 1.6365064482e-04 -5.3207356916e-04 3.8349562387e-05
2.1600000000e+02 -1.2624155239e-04 -4.2577976352e-04 6.3218263763e-06
2.1700000000e+02 -3.9197606650e-04 -4.2577976352e-04 -1.0997946990e-04
2.1800000000e+02 -3.9197606650e-04 -6.6735659453e-04 -4.9483015926e-05
2.1900000000e+02 -5.9973214117e-04 -4.7892666634e-04 -4.3162138651e-05
2.2000000000e+02 -5.9973214117e-04 -3.5813825083e-04 1.0531665744e-04
2.2100000000e+02 -3.9197606650e-04 -3.5813825083e-04 -5.6736596487e-05
2.2200000000e+02 -3.9197606650e-04 -2.7117059167e-04 1.1898174477e-05
2.2300000000e+02 -5.9973214117e-04 -1.1656141982e-04 -1.1566044578e-04
2.2400000000e+02 -3.9197606650e-04 -1.1656141982e-04 1.8729576384e-05
2.2500000000e+02 -5.9973214117e-04 -1.9930687419e-05 -1.2531789371e-04
2.2600000000e+02 -1.2624155239e-04 -1.1656141982e-04 -9.4797494840e-07
2.2700000000e+02 -3.9197606650e-04 1.2501541119e-04 9.0556882792e-05
2.2800000000e+02 -5.9973214117e-04 1.2501541119e-04 4.7643642635e-05
2.2900000000e+02 -2.7215395832e-04 1.2501541119e-04 3.6893760884e-05
2.3000000000e+02 -2.7215395832e-04 3.4243455910e-04 2.2199638708e-05
2.3100000000e+02 -5.9973214117e-04 3.4243455910e-04 1.7220662775e-05
2.3200000000e+02 -5.9973214117e-04 5.8401139011e-04 -2.0884547581e-04
2.3300000000e+02 -2.7215395832e-04 5.8401139011e-04 1.7719140567e-04
2.3400000000e+02 -1.2624155239e-04 6.0285438292e-04 7.6677462295e-05
2.3500000000e+02 -1.2624155239e-04 3.4243455910e-04 1.9583887596e-05
2.3600000000e+02 -1.2624155239e-04 1.2501541119e-04 -2.6141513663e-05
2.3700000000e+02 1.6365064482e-04 6.4005721490e-04 -4.5737164440e-05
2.3800000000e+02 1.6365064482e-04 3.4243455910e-04 -2.7333896388e-05
2.3900000000e+02 1.6365064482e-04 1.2501541119e-04 -1.4330273444e-05
2.4000000000e+02 1.6365064482e-04 -1.1656141982e-04 2.6005970965e-06
2.4100000000e+02 2.8443906033e-04 6.5551813208e-04 4.7257214414e-05
2.4200000000e+02 2.8443906033e-04 3.4243455910e-04 5.8573844874e-05
2.4300000000e+02 2.8443906033e-04 1.2501541119e-04 1.5163932292e-05
2.4400000000e+02 2.8443906033e-04 -1.1656141982e-04 -3.0785466727e-05
2.4500000000e+02 2.8443906033e-04 -6.6735659453e-04 -8.8472686851e-05
2.4600000000e+02 3.6869295764e-04 -1.1142064984e-03 -3.9541576443e-04
2.4700000000e+02 2.1548700556e-04 -1.1142064984e-03 -1.6939573017e-04
2.4800000000e+02 -1.5220727945e-04 -1.1142064984e-03 3.5203233590e-04
2.4900000000e+02 -4.8926037403e-04 -1.1142064984e-03 -1.4458039728e-04
2.5000000000e+02 -7.5277461162e-04 -1.1142064984e-03 2.4181890006e-04
2.5100000000e+02 -7.5277461162e-04 -8.5069226082e-04 5.3428608585e-06
2.5200000000e+02 2.1548700556e-04 -8.5069226082e-04 2.9786579066e-05
2.5300000000e+02 -1.5220727945e-04 -8.5069226082e-04 2.8220871016e-05
2.5400000000e+02 3.6869295764e-04 -5.4428035665e-04 -1.1900202882e-04
2.5500000000e+02 2.1548700556e-04 -5.4428035665e-04 -6.2401851705e-06
2.5600000000e+02 2.1548700556e-04 -6.7910159449e-04 3.7350278946e-05
2.5700000000e+02 -1.5220727945e-04 -5.4428035665e-04 6.8694463503e-06
2.5800000000e+02 -4.8926037403e-04 -5.4428035665e-04 -1.0836613346e-04
2.5900000000e+02 -4.8926037403e-04 -8.5069226082e-04 -5.3775257290e-05
2.6000000000e+02 -7.5277461162e-04 -6.1169097557e-04 -3.7522027130e-05
2.6100000000e+02 -7.5277461162e-04 -4.5848502349e-04 1.0506898373e-04
2.6200000000e+02 -4.8926037403e-04 -4.5848502349e-04 -5.7750465104e-05
2.6300000000e+02 -4.8926037403e-04 -3.4817673798e-04 7.4527817480e-06
2.6400000000e+02 -7.5277461162e-04 -1.5207311932e-04 -1.2113458159e-04
2.6500000000e+02 -4.8926037403e-04 -1.5207311932e-04 1.9343781280e-05
2.6600000000e+02 -7.5277461162e-04 -2.9508357647e-05 -1.1937278254e-04
2.6700000000e+02 -1.5220727945e-04 -1.5207311932e-04 -7.4216981248e-07
2.6800000000e+02 -4.8926037403e-04 1.5433878485e-04 8.9519934454e-05
2.6900000000e+02 -7.5277461162e-04 1.5433878485e-04 4.8192325593e-05
2.7000000000e+02 -3.3728006957e-04 1.5433878485e-04 4.0225739813e-05
2.7100000000e+02 -3.3728006957e-04 4.3010949861e-04 2.4543454212e-05
2.7200000000e+02 -7.5277461162e-04 4.3010949861e-04 1.8846261206e-05
2.7300000000e+02 -7.5277461162e-04 7.3652140278e-04 -2.0756887306e-04
2.7400000000e+02 -3.3728006957e-04 7.3652140278e-04 1.7266710717e-04
2.7500000000e+02 -1.5220727945e-04 7.6042153130e-04 7.4534587224e-05
2.7600000000e+02 -1.5220727945e-04 4.3010949861e-04 2.2153511322e-05
2.7700000000e+02 -1.5220727945e-04 1.5433878485e-04 -1.9267499092e-05
2.7800000000e+02 2.1548700556e-04 8.0760896455e-04 -4.8505401089e-05
2.7900000000e+02 2.1548700556e-04 4.3010949861e-04 -2.4165037755e-05
2.8000000000e+02 2.1548700556e-04 1.5433878485e-04 -1.3127828419e-05
2.8100000000e+02 2.1548700556e-04 -1.5207311932e-04 1.5547927486e-06
2.8200000000e+02 3.6869295764e-04 8.2721932641e-04 5.0201927611e-05
2.8300000000e+02 3.6869295764e-04 4.3010949861e-04 5.8463776289e-05
2.8400000000e+02 3.6869295764e-04 1.5433878485e-04 1.4202572139e-05
2.8500000000e+02 3.6869295764e-04 -1.5207311932e-04 -3.2739980821e-05
2.8600000000e+02 3.6869295764e-04 -8.5069226082e-04 -9.5653310731e-05
2.8700000000e+02 4.5289472631e-04 -1.3461191179e-03 -3.8827000213e-04
2.8800000000e+02 2.6845396488e-04 -1.3461191179e-03 -1.6996042034e-04
2.8900000000e+02 -1.7420386257e-04 -1.3461191179e-03 3.4463233386e-04
2.9000000000e+02 -5.7997353773e-04 -1.3461191179e-03 -1.3433915291e-04
2.9100000000e+02 -8.9721164740e-04 -1.3461191179e-03 2.3780229890e-04
2.9200000000e+02 -8.9721164740e-04 -1.0288810082e-03 5.7454920380e-06
2.9300000000e+02 2.6845396488e-04 -1.0288810082e-03 2.9966086224e-05
2.9400000000e+02 -1.7420386257e-04 -1.0288810082e-03 2.9912292973e-05
2.9500000000e+02 4.5289472631e-04 -6.5999948533e-04 -1.1785882631e-04
2.9600000000e+02 2.6845396488e-04 -6.5999948533e-04 -8.8284824392e-06
2.9700000000e+02 2.6845396488e-04 -8.2230735539e-04 3.5545559628e-05
2.9800000000e+02 -1.7420386257e-04 -6.5999948533e-04 7.1871909768e-06
2.9900000000e+02 -5.7997353773e-04 -6.5999948533e-04 -1.0390503264e-04
3.0000000000e+02 -5.7997353773e-04 -1.0288810082e-03 -5.6416714762e-05
3.0100000000e+02 -8.9721164740e-04 -7.4115342036e-04 -3.1022595339e-05
3.0200000000e+02 -8.9721164740e-04 -5.5671265892e-04 1.0204421252e-04
3.0300000000e+02 -5.7997353773e-04 -5.5671265892e-04 -5.7198793770e-05
3.0400000000e+02 -5.7997353773e-04 -4.2391531069e-04 2.8371675321e-06
3.0500000000e+02 -8.9721164740e-04 -1.8783113605e-04 -1.2313412148e-04
3.0600000000e+02 -5.7997353773e-04 -1.8783113605e-04 1.9469381694e-05
3.0700000000e+02 -8.9721164740e-04 -4.0278526903e-05 -1.1063769955e-04
3.0800000000e+02 -1.7420386257e-04 -1.8783113605e-04 -5.2691659072e-07
3.0900000000e+02 -5.7997353773e-04 1.8105038682e-04 8.6725403031e-05
3.1000000000e+02 -8.9721164740e-04 1.8105038682e-04 4.7116836703e-05
3.1100000000e+02 -3.9700830238e-04 1.8105038682e-04 4.2274458926e-05
3.1200000000e+02 -3.9700830238e-04 5.1304375740e-04 2.6152447233e-05
3.1300000000e+02 -8.9721164740e-04 5.1304375740e-04 1.9899475527e-05
3.1400000000e+02 -8.9721164740e-04 8.8192528028e-04 -2.0173138153e-04
3.1500000000e+02 -3.9700830238e-04 8.8192528028e-04 1.6471802476e-04
3.1600000000e+02 -1.7420386257e-04 9.1069803906e-04 7.1206739040e-05
3.1700000000e+02 -1.7420386257e-04 5.1304375740e-04 2.3828240342e-05
3.1800000000e+02 -1.7420386257e-04 1.8105038682e-04 -1.2905507991e-05
3.1900000000e+02 2.6845396488e-04 9.6750579358e-04 -4.9840543525e-05
3.2000000000e+02 2.6845396488e-04 5.1304375740e-04 -2.0546491154e-05
3.2100000000e+02 2.6845396488e-04 1.8105038682e-04 -1.1643596856e-05
3.2200000000e+02 2.6845396488e-04 -1.8783113605e-04 4.8001786646e-07
3.2300000000e+02 4.5289472631e-04 9.9111421105e-04 5.1650265015e-05
3.2400000000e+02 4.5289472631e-04 5.1304375740e-04 5.6789261756e-05
3.2500000000e+02 4.5289472631e-04 1.8105038682e-04 1.2907357863e-05
3.2600000000e+02 4.5289472631e-04 -1.8783113605e-04 -3.3650222691e-05
3.2700000000e+02 4.5289472631e-04 -1.0288810082e-03 -9.9813327888e-05
3.2800000000e+02 5.3565828091e-04 -1.5675978928e-03 -3.8205131676e-04
3.2900000000e+02 3.2155154212e-04 -1.5675978928e-03 -1.6957639063e-04
3.3000000000e+02 -1.9230463097e-04 -1.5675978928e-03 3.3872105446e-04
3.3100000000e+02 -6.6333945630e-04 -1.5675978928e-03 -1.2610826248e-04
3.3200000000e+02 -1.0316030470e-03 -1.5675978928e-03 2.3283751340e-04
3.3300000000e+02 -1.0316030470e-03 -1.1993343021e-03 5.7608583802e-06
3.3400000000e+02 3.2155154212e-04 -1.1993343021e-03 2.9731206505e-05
3.3500000000e+02 -1.9230463097e-04 -1.1993343021e-03 3.0801030384e-05
3.3600000000e+02 5.3565828091e-04 -7.7112082448e-04 -1.1576395659e-04
3.3700000000e+02 3.2155154212e-04 -7.7112082448e-04 -1.0319340263e-05
3.3800000000e+02 3.2155154212e-04 -9.5953475461e-04 3.4143175945e-05
3.3900000000e+02 -1.9230463097e-04 -7.7112082448e-04 7.2729844430e-06
3.4000000000e+02 -6.6333945630e-04 -7.7112082448e-04 -9.9422984894e-05
3.4100000000e+02 -6.6333945630e-04 -1.1993343021e-03 -5.7658035564e-05
3.4200000000e+02 -1.0316030470e-03 -8.6532778955e-04 -2.5379994505e-05
3.4300000000e+02 -1.0316030470e-03 -6.5122105076e-04 9.8690533352e-05
3.4400000000e+02 -6.6333945630e-04 -6.5122105076e-04 -5.6314408005e-05
3.4500000000e+02 -6.6333945630e-04 -4.9706419883e-04 -8.7766671387e-07
3.4600000000e+02 -1.0316030470e-03 -2.2300757318e-04 -1.2297485873e-04
3.4700000000e+02 -6.6333945630e-04 -2.2300757318e-04 1.9440329972e-05
3.4800000000e+02 -1.0316030470e-03 -5.1722182153e-05 -1.0457782028e-04
3.4900000000e+02 -1.9230463097e-04 -2.2300757318e-04 -3.3846483965e-07
3.5000000000e+02 -6.6333945630e-04 2.0520590439e-04 8.4913818803e-05
3.5100000000e+02 -1.0316030470e-03 2.0520590439e-04 4.5616948893e-05
3.5200000000e+02 -4.5094557142e-04 2.0520590439e-04 4.3170594114e-05
3.5300000000e+02 -4.5094557142e-04 5.9059803421e-04 2.7085780858e-05
3.5400000000e+02 -1.0316030470e-03 5.9059803421e-04 2.0435750651e-05
3.5500000000e+02 -1.0316030470e-03 1.0188115118e-03 -1.9774180277e-04
3.5600000000e+02 -4.5094557142e-04 1.0188115118e-03 1.5967591454e-04
3.5700000000e+02 -1.9230463097e-04 1.0522121630e-03 6.9728026571e-05
3.5800000000e+02 -1.9230463097e-04 5.9059803421e-04 2.4244124749e-05
3.5900000000e+02 -1.9230463097e-04 2.0520590439e-04 -9.6050173193e-06
3.6000000000e+02 3.2155154212e-04 1.1181570386e-03 -5.0120964499e-05
3.6100000000e+02 3.2155154212e-04 5.9059803421e-04 -1.7812841512e-05
3.6200000000e+02 3.2155154212e-04 2.0520590439e-04 -1.0597137448e-05
3.6300000000e+02 3.2155154212e-04 -2.2300757318e-04 -4.2400808204e-07
3.6400000000e+02 5.3565828091e-04 1.1455627011e-03 5.1979410141e-05
3.6500000000e+02 5.3565828091e-04 5.9059803421e-04 5.4928365590e-05
3.6600000000e+02 5.3565828091e-04 2.0520590439e-04 1.1987538919e-05
3.6700000000e+02 5.3565828091e-04 -2.2300757318e-04 -3.3748958939e-05
3.6800000000e+02 5.3565828091e-04 -1.1993343021e-03 -1.0139788367e-04
1.0010000000e+03 -1.4323274263e-05 -1.2012507024e-05 0.0000000000e+00
1.0020000000e+03 -4.2135793471e-05 -3.8365412545e-05 0.0000000000e+00
1.0030000000e+03 -7.5644346846e-05 -7.4663769469e-05 0.0000000000e+00
1.0040000000e+03 -1.1094469940e-04 -1.1758863244e-04 0.0000000000e+00
1.0050000000e+03 -1.4508454521e-04 -1.6439363236e-04 0.0000000000e+00
1.0060000000e+03 -1.7610740797e-04 -2.1274267634e-04 0.0000000000e+00
1.0070000000e+03 -2.0297662135e-04 -2.6086967758e-04 0.0000000000e+00
1.0080000000e+03 -2.2570528222e-04 -3.0779384174e-04 0.0000000000e+00
