0.0000000000e+00 0.0000000000e+00 0.0000000000e+00 0.0000000000e+00
1.0000000000e+00 0.0000000000e+00 0.0000000000e+00 0.0000000000e+00
2.0000000000e+00 0.0000000000e+00 0.0000000000e+00 0.0000000000e+00
3.0000000000e+00 0.0000000000e+00 0.0000000000e+00 0.0000000000e+00
4.0000000000e+00 0.0000000000e+00 0.0000000000e+00 0.0000000000e+00
5.0000000000e+00 0.0000000000e+00 0.0000000000e+00 0.0000000000e+00
6.0000000000e+00 0.0000000000e+00 0.0000000000e+00 0.0000000000e+00
7.0000000000e+00 0.0000000000e+00 0.0000000000e+00 0.0000000000e+00
8.0000000000e+00 0.0000000000e+00 0.0000000000e+00 0.0000000000e+00
9.0000000000e+00 0.0000000000e+00 0.0000000000e+00 0.0000000000e+00
1.0000000000e+01 0.0000000000e+00 0.0000000000e+00 0.0000000000e+00
1.1000000000e+01 0.0000000000e+00 0.0000000000e+00 0.0000000000e+00
1.2000000000e+01 0.0000000000e+00 0.0000000000e+00 0.0000000000e+00
1.3000000000e+01 0.0000000000e+00 0.0000000000e+00 0.0000000000e+00
1.4000000000e+01 0.0000000000e+00 0.0000000000e+00 0.0000000000e+00
1.5000000000e+01 0.0000000000e+00 0.0000000000e+00 0.0000000000e+00
1.6000000000e+01 0.0000000000e+00 0.0000000000e+00 0.0000000000e+00
1.7000000000e+01 0.0000000000e+00 0.0000000000e+00 0.0000000000e+00
1.8000000000e+01 0.0000000000e+00 0.0000000000e+00 0.0000000000e+00
1.9000000000e+01 0.0000000000e+00 0.0000000000e+00 0.0000000000e+00
2.0000000000e+01 0.0000000000e+00 0.0000000000e+00 0.0000000000e+00
2.1000000000e+01 0.0000000000e+00 0.0000000000e+00 0.0000000000e+00
2.2000000000e+01 0.0000000000e+00 0.0000000000e+00 0.0000000000e+00
2.3000000000e+01 0.0000000000e+00 0.0000000000e+00 0.0000000000e+00
2.4000000000e+01 0.0000000000e+00 0.0000000000e+00 0.0000000000e+00
2.5000000000e+01 0.0000000000e+00 0.0000000000e+00 0.0000000000e+00
2.6000000000e+01 0.0000000000e+00 0.0000000000e+00 0.0000000000e+00
2.7000000000e+01 0.0000000000e+00 0.0000000000e+00 0.0000000000e+00
2.8000000000e+01 0.0000000000e+00 0.0000000000e+00 0.0000000000e+00
2.9000000000e+01 0.0000000000e+00 0.0000000000e+00 0.0000000000e+00
3.0000000000e+01 0.0000000000e+00 0.0000000000e+00 0.0000000000e+00
3.1000000000e+01 0.0000000000e+00 0.0000000000e+00 0.0000000000e+00
3.2000000000e+01 0.0000000000e+00 0.0000000000e+00 0.0000000000e+00
3.3000000000e+01 0.0000000000e+00 0.0000000000e+00 0.0000000000e+00
3.4000000000e+01 0.0000000000e+00 0.0000000000e+00 0.0000000000e+00
3.5000000000e+01 0.0000000000e+00 0.0000000000e+00 0.0000000000e+00
3.6000000000e+01 0.0000000000e+00 0.0000000000e+00 0.0000000000e+00
3.7000000000e+01 0.0000000000e+00 0.0000000000e+00 0.0000000000e+00
3.8000000000e+01 0.0000000000e+00 0.0000000000e+00 0.0000000000e+00
3.9000000000e+01 0.0000000000e+00 0.0000000000e+00 0.0000000000e+00
4.0000000000e+01 -5.3095244025e-05 -7.4591912525e-06 -2.0964287704e-05
4.1000000000e+01 -4.8977387921e-05 -7.4591912525e-06 -1.0106834906e-05
4.2000000000e+01 -3.9094533269e-05 -7.4591912525e-06 1.1139387833e-05
4.3000000000e+01 -3.0035249838e-05 -7.4591912525e-06 -9.9864589353e-06
4.4000000000e+01 -2.2952537338e-05 -7.4591912525e-06 8.7435930202e-06
4.5000000000e+01 -2.2952537338e-05 -1.4541903753e-05 -1.5546931874e-08
4.6000000000e+01 -4.8977387921e-05 -1.4541903753e-05 -1.2928859246e-05
4.7000000000e+01 -3.9094533269e-05 -1.4541903753e-05 -2.2514295798e-06
4.8000000000e+01 -5.3095244025e-05 -2.2777615963e-05 -3.7433922043e-06
4.9000000000e+01 -4.8977387921e-05 -2.2777615963e-05 3.2773952143e-05
5.0000000000e+01 -4.8977387921e-05 -1.9153902590e-05 -2.9871003275e-05
5.1000000000e+01 -3.9094533269e-05 -2.2777615963e-05 3.8322279086e-06
5.2000000000e+01 -3.0035249838e-05 -2.2777615963e-05 -4.5995708833e-05
5.3000000000e+01 -3.0035249838e-05 -1.4541903753e-05 -6.6729858317e-06
5.4000000000e+01 -2.2952537338e-05 -2.0965759276e-05 -1.5751682483e-06
5.5000000000e+01 -2.2952537338e-05 -2.5083615381e-05 3.2617717673e-05
5.6000000000e+01 -3.0035249838e-05 -2.5083615381e-05 -2.1401423378e-05
5.7000000000e+01 -3.0035249838e-05 -2.8048471777e-05 1.0559316482e-05
5.8000000000e+01 -2.2952537338e-05 -3.3319327591e-05 4.0291629413e-06
5.9000000000e+01 -3.0035249838e-05 -3.3319327591e-05 2.3758447377e-06
6.0000000000e+01 -2.2952537338e-05 -3.6613612475e-05 4.1857900049e-06
6.1000000000e+01 -3.9094533269e-05 -3.3319327591e-05 -7.5410545518e-06
6.2000000000e+01 -3.0035249838e-05 -4.1555039801e-05 -4.7763364505e-05
6.3000000000e+01 -2.2952537338e-05 -4.1555039801e-05 4.4963425047e-05
6.4000000000e+01 -3.4120163094e-05 -4.1555039801e-05 -3.7760491527e-05
6.5000000000e+01 -3.4120163094e-05 -4.8967180789e-05 -4.1904954985e-06
6.6000000000e+01 -2.2952537338e-05 -4.8967180789e-05 1.6537179387e-05
6.7000000000e+01 -2.2952537338e-05 -5.7202892999e-05 1.0543188981e-04
6.8000000000e+01 -3.4120163094e-05 -5.7202892999e-05 -7.2182080368e-05
6.9000000000e+01 -3.9094533269e-05 -5.7845278551e-05 7.0114840299e-05
7.0000000000e+01 -3.9094533269e-05 -4.8967180789e-05 -9.9934912952e-06
7.1000000000e+01 -3.9094533269e-05 -4.1555039801e-05 -8.3057416668e-05
7.2000000000e+01 -4.8977387921e-05 -5.9113578232e-05 2.2804320126e-05
7.3000000000e+01 -4.8977387921e-05 -4.8967180789e-05 2.9162378505e-05
7.4000000000e+01 -4.8977387921e-05 -4.1555039801e-05 2.3822357621e-05
7.5000000000e+01 -4.8977387921e-05 -3.3319327591e-05 2.2464363887e-05
7.6000000000e+01 -5.3095244025e-05 -5.9640663813e-05 -1.1035272564e-05
7.7000000000e+01 -5.3095244025e-05 -4.8967180789e-05 -4.4560928951e-05
7.8000000000e+01 -5.3095244025e-05 -4.1555039801e-05 -3.8679103551e-05
7.9000000000e+01 -5.3095244025e-05 -3.3319327591e-05 -2.7882716872e-05
8.0000000000e+01 0.0000000000e+00 0.0000000000e+00 0.0000000000e+00
8.1000000000e+01 -5.3095244025e-05 -1.4541903753e-05 -1.0761492719e-05
8.2000000000e+01 -1.5616205068e-04 -2.4522001853e-05 -3.7504251662e-05
8.3000000000e+01 -1.4393849322e-04 -2.4522001853e-05 -1.9071149980e-05
8.4000000000e+01 -1.1460195531e-04 -2.4522001853e-05 1.9546009728e-05
8.5000000000e+01 -8.7710128900e-05 -2.4522001853e-05 -1.7102026889e-05
8.6000000000e+01 -6.6685610069e-05 -2.4522001853e-05 1.4806171752e-05
8.7000000000e+01 -6.6685610069e-05 -4.5546520684e-05 1.7310157869e-07
8.8000000000e+01 -1.4393849322e-04 -4.5546520684e-05 -2.3972857696e-05
8.9000000000e+01 -1.1460195531e-04 -4.5546520684e-05 -4.2915311861e-06
9.0000000000e+01 -1.5616205068e-04 -6.9993635603e-05 -1.8866713093e-06
9.1000000000e+01 -1.4393849322e-04 -6.9993635603e-05 5.0394338996e-05
9.2000000000e+01 -1.4393849322e-04 -5.9236905039e-05 -3.8322550886e-05
9.3000000000e+01 -1.1460195531e-04 -6.9993635603e-05 7.2836960722e-06
9.4000000000e+01 -8.7710128900e-05 -6.9993635603e-05 -7.0403487302e-05
9.5000000000e+01 -8.7710128900e-05 -4.5546520684e-05 -1.2693383236e-05
9.6000000000e+01 -6.6685610069e-05 -6.4615270321e-05 5.4514310471e-06
9.7000000000e+01 -6.6685610069e-05 -7.6838827781e-05 5.3122674421e-05
9.8000000000e+01 -8.7710128900e-05 -7.6838827781e-05 -3.6337590878e-05
9.9000000000e+01 -8.7710128900e-05 -8.5639789152e-05 8.1880382691e-06
1.0000000000e+02 -6.6685610069e-05 -1.0128594270e-04 8.7998006217e-06
1.0100000000e+02 -8.7710128900e-05 -1.0128594270e-04 4.1349474935e-06
1.0200000000e+02 -6.6685610069e-05 -1.1106478867e-04 1.6039819045e-05
1.0300000000e+02 -1.1460195531e-04 -1.0128594270e-04 -1.4525128201e-05
1.0400000000e+02 -8.7710128900e-05 -1.2573305762e-04 -7.6558003980e-05
1.0500000000e+02 -6.6685610069e-05 -1.2573305762e-04 7.3307024161e-05
1.0600000000e+02 -9.9835897900e-05 -1.2573305762e-04 -7.1179288803e-05
1.0700000000e+02 -9.9835897900e-05 -1.4773546105e-04 -8.3332987044e-06
1.0800000000e+02 -6.6685610069e-05 -1.4773546105e-04 3.1754053875e-05
1.0900000000e+02 -6.6685610069e-05 -1.7218257597e-04 1.8377322199e-04
1.1000000000e+02 -9.9835897900e-05 -1.7218257597e-04 -1.1955898710e-04
1.1100000000e+02 -1.1460195531e-04 -1.7408945093e-04 1.1943188653e-04
1.1200000000e+02 -1.1460195531e-04 -1.4773546105e-04 -1.9324067922e-05
1.1300000000e+02 -1.1460195531e-04 -1.2573305762e-04 -1.4193148240e-04
1.1400000000e+02 -1.4393849322e-04 -1.7785430663e-04 4.2907873566e-05
1.1500000000e+02 -1.4393849322e-04 -1.4773546105e-04 3.9356912965e-05
1.1600000000e+02 -1.4393849322e-04 -1.2573305762e-04 3.1667242778e-05
1.1700000000e+02 -1.4393849322e-04 -1.0128594270e-04 3.2105076048e-05
1.1800000000e+02 -1.5616205068e-04 -1.7941892198e-04 -2.0347636837e-05
1.1900000000e+02 -1.5616205068e-04 -1.4773546105e-04 -6.8807580219e-05
1.2000000000e+02 -1.5616205068e-04 -1.2573305762e-04 -6.0379968492e-05
1.2100000000e+02 -1.5616205068e-04 -1.0128594270e-04 -4.2529706533e-05
1.2200000000e+02 -1.5616205068e-04 -4.5546520684e-05 -2.0652403269e-05
1.2300000000e+02 -2.8678345331e-04 -4.7315794671e-05 -4.9213331775e-05
1.2400000000e+02 -2.6401905385e-04 -4.7315794671e-05 -2.6152418980e-05
1.2500000000e+02 -2.0938449515e-04 -4.7315794671e-05 2.4467381134e-05
1.2600000000e+02 -1.5930281634e-04 -4.7315794671e-05 -2.1447339880e-05
1.2700000000e+02 -1.2014804927e-04 -4.7315794671e-05 1.8320633483e-05
1.2800000000e+02 -1.2014804927e-04 -8.6470561740e-05 5.1572201638e-07
1.2900000000e+02 -2.6401905385e-04 -8.6470561740e-05 -3.2819635373e-05
1.3000000000e+02 -2.0938449515e-04 -8.6470561740e-05 -6.0597033905e-06
1.3100000000e+02 -2.8678345331e-04 -1.3199936066e-04 -8.6313097405e-07
1.3200000000e+02 -2.6401905385e-04 -1.3199936066e-04 6.3804105374e-05
1.3300000000e+02 -2.6401905385e-04 -1.1196668913e-04 -4.2313087020e-05
1.3400000000e+02 -2.0938449515e-04 -1.3199936066e-04 1.0231413245e-05
1.3500000000e+02 -1.5930281634e-04 -1.3199936066e-04 -8.6394470628e-05
1.3600000000e+02 -1.5930281634e-04 -8.6470561740e-05 -1.7828617584e-05
1.3700000000e+02 -1.2014804927e-04 -1.2198302489e-04 1.1946206651e-05
1.3800000000e+02 -1.2014804927e-04 -1.4474742435e-04 6.6261680862e-05
1.3900000000e+02 -1.5930281634e-04 -1.4474742435e-04 -4.6308290692e-05
1.4000000000e+02 -1.5930281634e-04 -1.6113779196e-04 5.6975605020e-06
1.4100000000e+02 -1.2014804927e-04 -1.9027622327e-04 1.3933547366e-05
1.4200000000e+02 -1.5930281634e-04 -1.9027622327e-04 5.2949314347e-06
1.4300000000e+02 -1.2014804927e-04 -2.0848774284e-04 2.6860936583e-05
1.4400000000e+02 -2.0938449515e-04 -1.9027622327e-04 -2.0575933961e-05
1.4500000000e+02 -1.5930281634e-04 -2.3580502219e-04 -9.3363459581e-05
1.4600000000e+02 -1.2014804927e-04 -2.3580502219e-04 9.2019446364e-05
1.4700000000e+02 -1.8188510060e-04 -2.3580502219e-04 -9.8506173282e-05
1.4800000000e+02 -1.8188510060e-04 -2.7678094121e-04 -1.2212970510e-05
1.4900000000e+02 -1.2014804927e-04 -2.7678094121e-04 4.5012301352e-05
1.5000000000e+02 -1.2014804927e-04 -3.2230974013e-04 2.3693293816e-04
1.5100000000e+02 -1.8188510060e-04 -3.2230974013e-04 -1.4552740780e-04
1.5200000000e+02 -2.0938449515e-04 -3.2586098644e-04 1.4780878588e-04
1.5300000000e+02 -2.0938449515e-04 -2.7678094121e-04 -2.6652025696e-05
1.5400000000e+02 -2.0938449515e-04 -2.3580502219e-04 -1.7832219526e-04
1.5500000000e+02 -2.6401905385e-04 -3.3287242148e-04 5.9458541535e-05
1.5600000000e+02 -2.6401905385e-04 -2.7678094121e-04 4.5639695156e-05
1.5700000000e+02 -2.6401905385e-04 -2.3580502219e-04 3.6098110656e-05
1.5800000000e+02 -2.6401905385e-04 -1.9027622327e-04 3.8445600286e-05
1.5900000000e+02 -2.8678345331e-04 -3.3578626461e-04 -2.7592445472e-05
1.6000000000e+02 -2.8678345331e-04 -2.7678094121e-04 -8.7296323041e-05
1.6100000000e+02 -2.8678345331e-04 -2.3580502219e-04 -7.7035248189e-05
1.6200000000e+02 -2.8678345331e-04 -1.9027622327e-04 -5.3261252275e-05
1.6300000000e+02 -2.8678345331e-04 -8.6470561740e-05 -2.9243521064e-05
1.6400000000e+02 -4.3169258936e-04 -7.3629440251e-05 -5.7122516508e-05
1.6500000000e+02 -3.9699269971e-04 -7.3629440251e-05 -3.1275047712e-05
1.6600000000e+02 -3.1371296455e-04 -7.3629440251e-05 2.6582038297e-05
1.6700000000e+02 -2.3737320733e-04 -7.3629440251e-05 -2.4025698050e-05
1.6800000000e+02 -1.7768939713e-04 -7.3629440251e-05 2.0293823344e-05
1.6900000000e+02 -1.7768939713e-04 -1.3331325045e-04 9.4895205369e-07
1.7000000000e+02 -3.9699269971e-04 -1.3331325045e-04 -3.9373372112e-05
1.7100000000e+02 -3.1371296455e-04 -1.3331325045e-04 -7.5161851656e-06
1.7200000000e+02 -4.3169258936e-04 -2.0271302974e-04 1.1101704043e-06
1.7300000000e+02 -3.9699269971e-04 -2.0271302974e-04 7.1603438280e-05
1.7400000000e+02 -3.9699269971e-04 -1.7217712685e-04 -4.1311060817e-05
1.7500000000e+02 -3.1371296455e-04 -2.0271302974e-04 1.2605860938e-05
1.7600000000e+02 -2.3737320733e-04 -2.0271302974e-04 -9.4161785651e-05
1.7700000000e+02 -2.3737320733e-04 -1.3331325045e-04 -2.1955623083e-05
1.7800000000e+02 -1.7768939713e-04 -1.8744507830e-04 1.7305518106e-05
1.7900000000e+02 -1.7768939713e-04 -2.2214496795e-04 7.3460130053e-05
1.8000000000e+02 -2.3737320733e-04 -2.2214496795e-04 -5.2129809242e-05
1.8100000000e+02 -2.3737320733e-04 -2.4712888849e-04 2.3720117815e-06
1.8200000000e+02 -1.7768939713e-04 -2.9154474724e-04 1.8976200885e-05
1.8300000000e+02 -2.3737320733e-04 -2.9154474724e-04 5.9126850227e-06
1.8400000000e+02 -1.7768939713e-04 -3.1930465896e-04 3.5737720673e-05
1.8500000000e+02 -3.1371296455e-04 -2.9154474724e-04 -2.5520441505e-05
1.8600000000e+02 -2.3737320733e-04 -3.6094452654e-04 -1.0141232015e-04
1.8700000000e+02 -1.7768939713e-04 -3.6094452654e-04 1.0320682343e-04
1.8800000000e+02 -2.7179549786e-04 -3.6094452654e-04 -1.1925322055e-04
1.8900000000e+02 -2.7179549786e-04 -4.2340432791e-04 -1.5661729639e-05
1.9000000000e+02 -1.7768939713e-04 -4.2340432791e-04 5.5954377083e-05
1.9100000000e+02 -1.7768939713e-04 -4.9280410720e-04 2.6968278856e-04
1.9200000000e+02 -2.7179549786e-04 -4.9280410720e-04 -1.5569424539e-04
1.9300000000e+02 -3.1371296455e-04 -4.9821728999e-04 1.5997298281e-04
1.9400000000e+02 -3.1371296455e-04 -4.2340432791e-04 -3.1901331763e-05
1.9500000000e+02 -3.1371296455e-04 -3.6094452654e-04 -1.9729188738e-04
1.9600000000e+02 -3.9699269971e-04 -5.0890485600e-04 7.2169958453e-05
1.9700000000e+02 -3.9699269971e-04 -4.2340432791e-04 4.6603869997e-05
1.9800000000e+02 -3.9699269971e-04 -3.6094452654e-04 3.6126480731e-05
1.9900000000e+02 -3.9699269971e-04 -2.9154474724e-04 4.0845741309e-05
2.0000000000e+02 -4.3169258936e-04 -5.1334644187e-04 -3.2740866027e-05
2.0100000000e+02 -4.3169258936e-04 -4.2340432791e-04 -9.8293742733e-05
2.0200000000e+02 -4.3169258936e-04 -3.6094452654e-04 -8.7282744559e-05
2.0300000000e+02 -4.3169258936e-04 -2.9154474724e-04 -5.9309805777e-05
2.0400000000e+02 -4.3169258936e-04 -1.3331325045e-04 -3.6291900519e-05
2.0500000000e+02 -5.7989485311e-04 -1.0163929001e-04 -6.1713501281e-05
2.0600000000e+02 -5.3275962145e-04 -1.0163929001e-04 -3.4718654755e-05
2.0700000000e+02 -4.1963506547e-04 -1.0163929001e-04 2.6676200141e-05
2.0800000000e+02 -3.1593755582e-04 -1.0163929001e-04 -2.5133598603e-05
2.0900000000e+02 -2.3486495736e-04 -1.0163929001e-04 2.1011346362e-05
2.1000000000e+02 -2.3486495736e-04 -1.8271188847e-04 1.4077221580e-06
2.1100000000e+02 -5.3275962145e-04 -1.8271188847e-04 -4.3824688140e-05
2.1200000000e+02 -4.1963506547e-04 -1.8271188847e-04 -8.6477776303e-06
2.1300000000e+02 -5.7989485311e-04 -2.7698235179e-04 3.1247132625e-06
2.1400000000e+02 -5.3275962145e-04 -2.7698235179e-04 7.5295591662e-05
2.1500000000e+02 -5.3275962145e-04 -2.3550334793e-04 -3.7284159665e-05
2.1600000000e+02 -4.1963506547e-04 -2.7698235179e-04 1.4400710013e-05
2.1700000000e+02 -3.1593755582e-04 -2.7698235179e-04 -9.5858571846e-05
2.1800000000e+02 -3.1593755582e-04 -1.8271188847e-04 -2.5066032133e-05
2.1900000000e+02 -2.3486495736e-04 -2.5624284986e-04 2.1709808793e-05
2.2000000000e+02 -2.3486495736e-04 -3.0337808152e-04 7.5853082560e-05
2.2100000000e+02 -3.1593755582e-04 -3.0337808152e-04 -5.4570256429e-05
2.2200000000e+02 -3.1593755582e-04 -3.3731544831e-04 -1.1653846186e-06
2.2300000000e+02 -2.3486495736e-04 -3.9764854484e-04 2.3570831737e-05
2.2400000000e+02 -3.1593755582e-04 -3.9764854484e-04 6.0939745009e-06
2.2500000000e+02 -2.3486495736e-04 -4.3535673016e-04 4.2888013729e-05
2.2600000000e+02 -4.1963506547e-04 -3.9764854484e-04 -2.9305258700e-05
2.2700000000e+02 -3.1593755582e-04 -4.9191900816e-04 -1.0254483550e-04
2.2800000000e+02 -2.3486495736e-04 -4.9191900816e-04 1.0801439086e-04
2.2900000000e+02 -3.6269570562e-04 -4.9191900816e-04 -1.3375321235e-04
2.3000000000e+02 -3.6269570562e-04 -5.7676242514e-04 -1.8580598881e-05
2.3100000000e+02 -2.3486495736e-04 -5.7676242514e-04 6.4443840759e-05
2.3200000000e+02 -2.3486495736e-04 -6.7103288846e-04 2.8582969382e-04
2.3300000000e+02 -3.6269570562e-04 -6.7103288846e-04 -1.5421370847e-04
2.3400000000e+02 -4.1963506547e-04 -6.7838598460e-04 1.6026590651e-04
2.3500000000e+02 -4.1963506547e-04 -5.7676242514e-04 -3.5371050400e-05
2.3600000000e+02 -4.1963506547e-04 -4.9191900816e-04 -2.0289343294e-04
2.3700000000e+02 -5.3275962145e-04 -6.9290363595e-04 8.1211046840e-05
2.3800000000e+02 -5.3275962145e-04 -5.7676242514e-04 4.4182194133e-05
2.3900000000e+02 -5.3275962145e-04 -4.9191900816e-04 3.3399094571e-05
2.4000000000e+02 -5.3275962145e-04 -3.9764854484e-04 4.0509284050e-05
2.4100000000e+02 -5.7989485311e-04 -6.9893694561e-04 -3.6015552832e-05
2.4200000000e+02 -5.7989485311e-04 -5.7676242514e-04 -1.0362779132e-04
2.4300000000e+02 -5.7989485311e-04 -4.9191900816e-04 -9.2605567844e-05
2.4400000000e+02 -5.7989485311e-04 -3.9764854484e-04 -6.1814509371e-05
2.4500000000e+02 -5.7989485311e-04 -1.8271188847e-04 -4.1710505059e-05
2.4600000000e+02 -7.2341576683e-04 -1.2992064097e-04 -6.3703624697e-05
2.4700000000e+02 -6.6400223388e-04 -1.2992064097e-04 -3.6744881947e-05
2.4800000000e+02 -5.2140975480e-04 -1.2992064097e-04 2.5493278025e-05
2.4900000000e+02 -3.9069998230e-04 -1.2992064097e-04 -2.5110180608e-05
2.5000000000e+02 -2.8850870563e-04 -1.2992064097e-04 2.0789243645e-05
2.5100000000e+02 -2.8850870563e-04 -2.3211191765e-04 1.8237586788e-06
2.5200000000e+02 -6.6400223388e-04 -2.3211191765e-04 -4.6521886193e-05
2.5300000000e+02 -5.2140975480e-04 -2.3211191765e-04 -9.4612071598e-06
2.5400000000e+02 -7.2341576683e-04 -3.5093898355e-04 5.1781494358e-06
2.5500000000e+02 -6.6400223388e-04 -3.5093898355e-04 7.5662947124e-05
2.5600000000e+02 -6.6400223388e-04 -2.9865507455e-04 -3.1273532709e-05
2.5700000000e+02 -5.2140975480e-04 -3.5093898355e-04 1.5649983307e-05
2.5800000000e+02 -3.9069998230e-04 -3.5093898355e-04 -9.3211368094e-05
2.5900000000e+02 -3.9069998230e-04 -2.3211191765e-04 -2.7225566954e-05
2.6000000000e+02 -2.8850870563e-04 -3.2479702905e-04 2.5273737736e-05
2.6100000000e+02 -2.8850870563e-04 -3.8421056200e-04 7.4887743847e-05
2.6200000000e+02 -3.9069998230e-04 -3.8421056200e-04 -5.4623734049e-05
2.6300000000e+02 -3.9069998230e-04 -4.2698830573e-04 -4.7772939698e-06
2.6400000000e+02 -2.8850870563e-04 -5.0303762791e-04 2.7410171548e-05
2.6500000000e+02 -3.9069998230e-04 -5.0303762791e-04 5.9696034583e-06
2.6600000000e+02 -2.8850870563e-04 -5.5056845427e-04 4.8377200032e-05
2.6700000000e+02 -5.2140975480e-04 -5.0303762791e-04 -3.1967012517e-05
2.6800000000e+02 -3.9069998230e-04 -6.2186469381e-04 -9.9003322496e-05
2.6900000000e+02 -2.8850870563e-04 -6.2186469381e-04 1.0812193605e-04
2.7000000000e+02 -4.4963820699e-04 -6.2186469381e-04 -1.4289174970e-04
2.7100000000e+02 -4.4963820699e-04 -7.2880905313e-04 -2.0917407460e-05
2.7200000000e+02 -2.8850870563e-04 -7.2880905313e-04 7.0514910225e-05
2.7300000000e+02 -2.8850870563e-04 -8.4763611903e-04 2.8967668912e-04
2.7400000000e+02 -4.4963820699e-04 -8.4763611903e-04 -1.4537474263e-04
2.7500000000e+02 -5.2140975480e-04 -8.5690463017e-04 1.5309686567e-04
2.7600000000e+02 -5.2140975480e-04 -7.2880905313e-04 -3.7400586386e-05
2.7700000000e+02 -5.2140975480e-04 -6.2186469381e-04 -1.9939257175e-04
2.7800000000e+02 -6.6400223388e-04 -8.7520399832e-04 8.7055405184e-05
2.7900000000e+02 -6.6400223388e-04 -7.2880905313e-04 3.9543624288e-05
2.8000000000e+02 -6.6400223388e-04 -6.2186469381e-04 2.8877459516e-05
2.8100000000e+02 -6.6400223388e-04 -5.0303762791e-04 3.8286521065e-05
2.8200000000e+02 -7.2341576683e-04 -8.8280893054e-04 -3.7804178022e-05
2.8300000000e+02 -7.2341576683e-04 -7.2880905313e-04 -1.0451325018e-04
2.8400000000e+02 -7.2341576683e-04 -6.2186469381e-04 -9.3954431075e-05
2.8500000000e+02 -7.2341576683e-04 -5.0303762791e-04 -6.1611623209e-05
2.8600000000e+02 -7.2341576683e-04 -2.3211191765e-04 -4.5526261440e-05
2.8700000000e+02 -8.5734126425e-04 -1.5746006892e-04 -6.3887524954e-05
2.8800000000e+02 -7.8621615325e-04 -1.5746006892e-04 -3.7747065064e-05
2.8900000000e+02 -6.1551588686e-04 -1.5746006892e-04 2.3911829233e-05
2.9000000000e+02 -4.5904064267e-04 -1.5746006892e-04 -2.4383711647e-05
2.9100000000e+02 -3.3670545176e-04 -1.5746006892e-04 2.0021163534e-05
2.9200000000e+02 -3.3670545176e-04 -2.7979525983e-04 2.1293526320e-06
2.9300000000e+02 -7.8621615325e-04 -2.7979525983e-04 -4.7921233141e-05
2.9400000000e+02 -6.1551588686e-04 -2.7979525983e-04 -9.9806563358e-06
2.9500000000e+02 -8.5734126425e-04 -4.2204548182e-04 6.9612138177e-06
2.9600000000e+02 -7.8621615325e-04 -4.2204548182e-04 7.3937941823e-05
2.9700000000e+02 -7.8621615325e-04 -3.5945538415e-04 -2.4651529797e-05
2.9800000000e+02 -6.1551588686e-04 -4.2204548182e-04 1.6415350450e-05
2.9900000000e+02 -4.5904064267e-04 -4.2204548182e-04 -8.8180690145e-05
3.0000000000e+02 -4.5904064267e-04 -2.7979525983e-04 -2.8549823037e-05
3.0100000000e+02 -3.3670545176e-04 -3.9075043299e-04 2.8487766567e-05
3.0200000000e+02 -3.3670545176e-04 -4.6187554398e-04 7.2033100922e-05
3.0300000000e+02 -4.5904064267e-04 -4.6187554398e-04 -5.3325974577e-05
3.0400000000e+02 -4.5904064267e-04 -5.1308562390e-04 -8.5566301570e-06
3.0500000000e+02 -3.3670545176e-04 -6.0412576597e-04 3.0221574474e-05
3.0600000000e+02 -4.5904064267e-04 -6.0412576597e-04 5.6928172494e-06
3.0700000000e+02 -3.3670545176e-04 -6.6102585477e-04 5.2734656873e-05
3.0800000000e+02 -6.1551588686e-04 -6.0412576597e-04 -3.3600973515e-05
3.0900000000e+02 -4.5904064267e-04 -7.4637598796e-04 -9.3095873351e-05
3.1000000000e+02 -3.3670545176e-04 -7.4637598796e-04 1.0519643808e-04
3.1100000000e+02 -5.2959675278e-04 -7.4637598796e-04 -1.4785338174e-04
3.1200000000e+02 -5.2959675278e-04 -8.7440118775e-04 -2.2648081653e-05
3.1300000000e+02 -3.3670545176e-04 -8.7440118775e-04 7.4318395513e-05
3.1400000000e+02 -3.3670545176e-04 -1.0166514097e-03 2.8622900392e-04
3.1500000000e+02 -5.2959675278e-04 -1.0166514097e-03 -1.3393583253e-04
3.1600000000e+02 -6.1551588686e-04 -1.0277469271e-03 1.4340502134e-04
3.1700000000e+02 -6.1551588686e-04 -8.7440118775e-04 -3.8429694226e-05
3.1800000000e+02 -6.1551588686e-04 -7.4637598796e-04 -1.9161010882e-04
3.1900000000e+02 -7.8621615325e-04 -1.0496534612e-03 9.0344803532e-05
3.2000000000e+02 -7.8621615325e-04 -8.7440118775e-04 3.3969809165e-05
3.2100000000e+02 -7.8621615325e-04 -7.4637598796e-04 2.3844025462e-05
3.2200000000e+02 -7.8621615325e-04 -6.0412576597e-04 3.5078145188e-05
3.2300000000e+02 -8.5734126425e-04 -1.0587574755e-03 -3.8573841459e-05
3.2400000000e+02 -8.5734126425e-04 -8.7440118775e-04 -1.0238826817e-04
3.2500000000e+02 -8.5734126425e-04 -7.4637598796e-04 -9.2699882406e-05
3.2600000000e+02 -8.5734126425e-04 -6.0412576597e-04 -5.9630053495e-05
3.2700000000e+02 -8.5734126425e-04 -2.7979525983e-04 -4.7848944639e-05
3.2800000000e+02 -9.8039543373e-04 -1.8388489897e-04 -6.3611246172e-05
3.2900000000e+02 -8.9826735519e-04 -1.8388489897e-04 -3.8051133271e-05
3.3000000000e+02 -7.0115996668e-04 -1.8388489897e-04 2.2970086891e-05
3.3100000000e+02 -5.2047819389e-04 -1.8388489897e-04 -2.3605753699e-05
3.3200000000e+02 -3.7921789879e-04 -1.8388489897e-04 1.9347764820e-05
3.3300000000e+02 -3.7921789879e-04 -3.2514519406e-04 2.2387148108e-06
3.3400000000e+02 -8.9826735519e-04 -3.2514519406e-04 -4.8503079176e-05
3.3500000000e+02 -7.0115996668e-04 -3.2514519406e-04 -1.0217785218e-05
3.3600000000e+02 -9.8039543373e-04 -4.8940135115e-04 8.4135681400e-06
3.3700000000e+02 -8.9826735519e-04 -4.8940135115e-04 7.1437612815e-05
3.3800000000e+02 -8.9826735519e-04 -4.1712864203e-04 -1.9290652944e-05
3.3900000000e+02 -7.0115996668e-04 -4.8940135115e-04 1.6765552066e-05
3.4000000000e+02 -5.2047819389e-04 -4.8940135115e-04 -8.3811374804e-05
3.4100000000e+02 -5.2047819389e-04 -3.2514519406e-04 -2.9165569738e-05
3.4200000000e+02 -3.7921789879e-04 -4.5326499659e-04 3.0826226253e-05
3.4300000000e+02 -3.7921789879e-04 -5.3539307514e-04 6.9717798607e-05
3.4400000000e+02 -5.2047819389e-04 -5.3539307514e-04 -5.2254221926e-05
3.4500000000e+02 -5.2047819389e-04 -5.9452529169e-04 -1.1504353181e-05
3.4600000000e+02 -3.7921789879e-04 -6.9964923222e-04 3.1710584036e-05
3.4700000000e+02 -5.2047819389e-04 -6.9964923222e-04 5.3958792611e-06
3.4800000000e+02 -3.7921789879e-04 -7.6535169506e-04 5.5237302683e-05
3.4900000000e+02 -7.0115996668e-04 -6.9964923222e-04 -3.4285618928e-05
3.5000000000e+02 -5.2047819389e-04 -8.6390538931e-04 -8.8815368900e-05
3.5100000000e+02 -3.7921789879e-04 -8.6390538931e-04 1.0239956863e-04
3.5200000000e+02 -6.0194924780e-04 -8.6390538931e-04 -1.4982324085e-04
3.5300000000e+02 -6.0194924780e-04 -1.0117359307e-03 -2.3808499575e-05
3.5400000000e+02 -3.7921789879e-04 -1.0117359307e-03 7.6031713517e-05
3.5500000000e+02 -3.7921789879e-04 -1.1759920878e-03 2.8263518325e-04
3.5600000000e+02 -6.0194924780e-04 -1.1759920878e-03 -1.2672454786e-04
3.5700000000e+02 -7.0115996668e-04 -1.1888040680e-03 1.3684016793e-04
3.5800000000e+02 -7.0115996668e-04 -1.0117359307e-03 -3.8513843885e-05
3.5900000000e+02 -7.0115996668e-04 -8.6390538931e-04 -1.8605695154e-04
3.6000000000e+02 -8.9826735519e-04 -1.2140995162e-03 9.1725083211e-05
3.6100000000e+02 -8.9826735519e-04 -1.0117359307e-03 2.9572779911e-05
3.6200000000e+02 -8.9826735519e-04 -8.6390538931e-04 1.9619640763e-05
3.6300000000e+02 -8.9826735519e-04 -6.9964923222e-04 3.2406045463e-05
3.6400000000e+02 -9.8039543373e-04 -1.2246119103e-03 -3.8794829277e-05
3.6500000000e+02 -9.8039543373e-04 -1.0117359307e-03 -9.9533056830e-05
3.6600000000e+02 -9.8039543373e-04 -8.6390538931e-04 -9.0318344077e-05
3.6700000000e+02 -9.8039543373e-04 -6.9964923222e-04 -5.7390045458e-05
3.6800000000e+02 -9.8039543373e-04 -3.2514519406e-04 -4.8745139326e-05
1.0010000000e+03 -3.8452147717e-05 -3.1688656573e-05 0.0000000000e+00
1.0020000000e+03 -1.1269508035e-04 -9.6445413947e-05 0.0000000000e+00
1.0030000000e+03 -2.0583324883e-04 -1.8126152108e-04 0.0000000000e+00
1.0040000000e+03 -3.0829978177e-04 -2.7780359094e-04 0.0000000000e+00
1.0050000000e+03 -4.1228196933e-04 -3.7898299310e-04 0.0000000000e+00
1.0060000000e+03 -5.1214124366e-04 -4.7950986886e-04 0.0000000000e+00
1.0070000000e+03 -6.0442036955e-04 -5.7596022202e-04 0.0000000000e+00
1.0080000000e+03 -6.8834798643e-04 -6.6712651312e-04 0.0000000000e+00
