0.0000000000e+00 0.0000000000e+00 0.0000000000e+00 0.0000000000e+00
1.0000000000e+00 0.0000000000e+00 0.0000000000e+00 0.0000000000e+00
2.0000000000e+00 0.0000000000e+00 0.0000000000e+00 0.0000000000e+00
3.0000000000e+00 0.0000000000e+00 0.0000000000e+00 0.0000000000e+00
4.0000000000e+00 0.0000000000e+00 0.0000000000e+00 0.0000000000e+00
5.0000000000e+00 0.0000000000e+00 0.0000000000e+00 0.0000000000e+00
6.0000000000e+00 0.0000000000e+00 0.0000000000e+00 0.0000000000e+00
7.0000000000e+00 0.0000000000e+00 0.0000000000e+00 0.0000000000e+00
8.0000000000e+00 0.0000000000e+00 0.0000000000e+00 0.0000000000e+00
9.0000000000e+00 0.0000000000e+00 0.0000000000e+00 0.0000000000e+00
1.0000000000e+01 0.0000000000e+00 0.0000000000e+00 0.0000000000e+00
1.1000000000e+01 0.0000000000e+00 0.0000000000e+00 0.0000000000e+00
1.2000000000e+01 0.0000000000e+00 0.0000000000e+00 0.0000000000e+00
1.3000000000e+01 0.0000000000e+00 0.0000000000e+00 0.0000000000e+00
1.4000000000e+01 0.0000000000e+00 0.0000000000e+00 0.0000000000e+00
1.5000000000e+01 0.0000000000e+00 0.0000000000e+00 0.0000000000e+00
1.6000000000e+01 0.0000000000e+00 0.0000000000e+00 0.0000000000e+00
1.7000000000e+01 0.0000000000e+00 0.0000000000e+00 0.0000000000e+00
1.8000000000e+01 0.0000000000e+00 0.0000000000e+00 0.0000000000e+00
1.9000000000e+01 0.0000000000e+00 0.0000000000e+00 0.0000000000e+00
2.0000000000e+01 0.0000000000e+00 0.0000000000e+00 0.0000000000e+00
2.1000000000e+01 0.0000000000e+00 0.0000000000e+00 0.0000000000e+00
2.2000000000e+01 0.0000000000e+00 0.0000000000e+00 0.0000000000e+00
2.3000000000e+01 0.0000000000e+00 0.0000000000e+00 0.0000000000e+00
2.4000000000e+01 0.0000000000e+00 0.0000000000e+00 0.0000000000e+00
2.5000000000e+01 0.0000000000e+00 0.0000000000e+00 0.0000000000e+00
2.6000000000e+01 0.0000000000e+00 0.0000000000e+00 0.0000000000e+00
2.7000000000e+01 0.0000000000e+00 0.0000000000e+00 0.0000000000e+00
2.8000000000e+01 0.0000000000e+00 0.0000000000e+00 0.0000000000e+00
2.9000000000e+01 0.0000000000e+00 0.0000000000e+00 0.0000000000e+00
3.0000000000e+01 0.0000000000e+00 0.0000000000e+00 0.0000000000e+00
3.1000000000e+01 0.0000000000e+00 0.0000000000e+00 0.0000000000e+00
3.2000000000e+01 0.0000000000e+00 0.0000000000e+00 0.0000000000e+00
3.3000000000e+01 0.0000000000e+00 0.0000000000e+00 0.0000000000e+00
3.4000000000e+01 0.0000000000e+00 0.0000000000e+00 0.0000000000e+00
3.5000000000e+01 0.0000000000e+00 0.0000000000e+00 0.0000000000e+00
3.6000000000e+01 0.0000000000e+00 0.0000000000e+00 0.0000000000e+00
3.7000000000e+01 0.0000000000e+00 0.0000000000e+00 0.0000000000e+00
3.8000000000e+01 0.0000000000e+00 0.0000000000e+00 0.0000000000e+00
3.9000000000e+01 0.0000000000e+00 0.0000000000e+00 0.0000000000e+00
4.0000000000e+01 -3.8382927680e-05 3.1157328124e-05 6.4454868854e-05
4.1000000000e+01 -3.8683448978e-05 3.1157328124e-05 2.1553978782e-05
4.2000000000e+01 -3.9404700094e-05 3.1157328124e-05 -6.1141380868e-05
4.3000000000e+01 -4.0065846951e-05 3.1157328124e-05 2.5915014760e-05
4.4000000000e+01 -4.0582743584e-05 3.1157328124e-05 -4.8192470500e-05
4.5000000000e+01 -4.0582743584e-05 3.1674224757e-05 -2.6190778266e-05
4.6000000000e+01 -3.8683448978e-05 3.1674224757e-05 -1.5693856339e-05
4.7000000000e+01 -3.9404700094e-05 3.1674224757e-05 -6.5096022968e-06
4.8000000000e+01 -3.8382927680e-05 3.2275267354e-05 5.3941848187e-05
4.9000000000e+01 -3.8683448978e-05 3.2275267354e-05 9.5564375145e-06
5.0000000000e+01 -3.8683448978e-05 3.2010808611e-05 -3.7403531424e-05
5.1000000000e+01 -3.9404700094e-05 3.2275267354e-05 -1.0682843689e-07
5.2000000000e+01 -4.0065846951e-05 3.2275267354e-05 -5.4064714327e-06
5.3000000000e+01 -4.0065846951e-05 3.1674224757e-05 -2.4158969512e-06
5.4000000000e+01 -4.0582743584e-05 3.2143037982e-05 -8.1878386920e-05
5.5000000000e+01 -4.0582743584e-05 3.2443559281e-05 -2.8247579366e-05
5.6000000000e+01 -4.0065846951e-05 3.2443559281e-05 2.8511698549e-05
5.7000000000e+01 -4.0065846951e-05 3.2659934615e-05 6.8868311032e-05
5.8000000000e+01 -4.0582743584e-05 3.3044601877e-05 -4.1648964057e-05
5.9000000000e+01 -4.0065846951e-05 3.3044601877e-05 2.0250307886e-05
6.0000000000e+01 -4.0582743584e-05 3.3285018916e-05 -6.7664140449e-05
6.1000000000e+01 -3.9404700094e-05 3.3044601877e-05 -6.1633272420e-06
6.2000000000e+01 -4.0065846951e-05 3.3645644474e-05 5.7112869968e-05
6.3000000000e+01 -4.0582743584e-05 3.3645644474e-05 -8.0305717065e-06
6.4000000000e+01 -3.9767729823e-05 3.3645644474e-05 1.3488453969e-05
6.5000000000e+01 -3.9767729823e-05 3.4186582811e-05 5.5728006860e-06
6.6000000000e+01 -4.0582743584e-05 3.4186582811e-05 -1.5422858596e-06
6.7000000000e+01 -4.0582743584e-05 3.4787625408e-05 -5.4218884534e-05
6.8000000000e+01 -3.9767729823e-05 3.4787625408e-05 5.9670427905e-05
6.9000000000e+01 -3.9404700094e-05 3.4834506730e-05 8.5438632430e-05
7.0000000000e+01 -3.9404700094e-05 3.4186582811e-05 2.0733994248e-06
7.1000000000e+01 -3.9404700094e-05 3.3645644474e-05 -7.1788765622e-05
7.2000000000e+01 -3.8683448978e-05 3.4927067290e-05 -2.4310358983e-06
7.3000000000e+01 -3.8683448978e-05 3.4186582811e-05 -2.5550645712e-05
7.4000000000e+01 -3.8683448978e-05 3.3645644474e-05 -2.7298097311e-05
7.5000000000e+01 -3.8683448978e-05 3.3044601877e-05 -1.8242964533e-05
7.6000000000e+01 -3.8382927680e-05 3.4965534016e-05 1.5402255530e-05
7.7000000000e+01 -3.8382927680e-05 3.4186582811e-05 2.6174060097e-05
7.8000000000e+01 -3.8382927680e-05 3.3645644474e-05 2.3905374676e-05
7.9000000000e+01 -3.8382927680e-05 3.3044601877e-05 3.1676746874e-05
8.0000000000e+01 0.0000000000e+00 0.0000000000e+00 0.0000000000e+00
8.1000000000e+01 -3.8382927680e-05 3.1674224757e-05 1.1172012454e-05
8.2000000000e+01 -1.1220996110e-04 9.6211728036e-05 1.1078768999e-04
8.3000000000e+01 -1.1307141561e-04 9.6211728036e-05 4.0672830162e-05
8.4000000000e+01 -1.1513890642e-04 9.6211728036e-05 -1.1008807520e-04
8.5000000000e+01 -1.1703410634e-04 9.6211728036e-05 3.9673161273e-05
8.6000000000e+01 -1.1851580809e-04 9.6211728036e-05 -8.2814246051e-05
8.7000000000e+01 -1.1851580809e-04 9.7693429788e-05 -5.0165963247e-05
8.8000000000e+01 -1.1307141561e-04 9.7693429788e-05 -2.8816159576e-05
8.9000000000e+01 -1.1513890642e-04 9.7693429788e-05 -1.2574137092e-05
9.0000000000e+01 -1.1220996110e-04 9.9416338800e-05 8.9774439502e-05
9.1000000000e+01 -1.1307141561e-04 9.9416338800e-05 1.6054056038e-05
9.2000000000e+01 -1.1307141561e-04 9.8658258835e-05 -5.2931498171e-05
9.3000000000e+01 -1.1513890642e-04 9.9416338800e-05 -2.5685063223e-07
9.4000000000e+01 -1.1703410634e-04 9.9416338800e-05 4.6294480785e-06
9.5000000000e+01 -1.1703410634e-04 9.7693429788e-05 -4.6331156170e-06
9.6000000000e+01 -1.1851580809e-04 9.9037298818e-05 -1.3504286008e-04
9.7000000000e+01 -1.1851580809e-04 9.9898753324e-05 -5.5854199011e-05
9.8000000000e+01 -1.1703410634e-04 9.9898753324e-05 5.1343906591e-05
9.9000000000e+01 -1.1703410634e-04 1.0051900057e-04 1.0868178605e-04
1.0000000000e+02 -1.1851580809e-04 1.0162166234e-04 -7.7872102844e-05
1.0100000000e+02 -1.1703410634e-04 1.0162166234e-04 3.8154489364e-05
1.0200000000e+02 -1.1851580809e-04 1.0231082594e-04 -1.1016151650e-04
1.0300000000e+02 -1.1513890642e-04 1.0162166234e-04 -1.1734904193e-05
1.0400000000e+02 -1.1703410634e-04 1.0334457135e-04 9.8158330199e-05
1.0500000000e+02 -1.1851580809e-04 1.0334457135e-04 -1.8209331566e-05
1.0600000000e+02 -1.1617954347e-04 1.0334457135e-04 2.5953950288e-05
1.0700000000e+02 -1.1617954347e-04 1.0489518946e-04 1.0744645807e-05
1.0800000000e+02 -1.1851580809e-04 1.0489518946e-04 -3.1342719646e-06
1.0900000000e+02 -1.1851580809e-04 1.0661809847e-04 -9.3309405938e-05
1.1000000000e+02 -1.1617954347e-04 1.0661809847e-04 1.0376837394e-04
1.1100000000e+02 -1.1513890642e-04 1.0675248538e-04 1.4881752391e-04
1.1200000000e+02 -1.1513890642e-04 1.0489518946e-04 4.1399861377e-06
1.1300000000e+02 -1.1513890642e-04 1.0334457135e-04 -1.1990615800e-04
1.1400000000e+02 -1.1307141561e-04 1.0701781336e-04 -4.1103046422e-06
1.1500000000e+02 -1.1307141561e-04 1.0489518946e-04 -3.8395559262e-05
1.1600000000e+02 -1.1307141561e-04 1.0334457135e-04 -4.2037258843e-05
1.1700000000e+02 -1.1307141561e-04 1.0162166234e-04 -2.5030868179e-05
1.1800000000e+02 -1.1220996110e-04 1.0712807954e-04 2.9137935544e-05
1.1900000000e+02 -1.1220996110e-04 1.0489518946e-04 3.9716622214e-05
1.2000000000e+02 -1.1220996110e-04 1.0334457135e-04 3.5482298535e-05
1.2100000000e+02 -1.1220996110e-04 1.0162166234e-04 5.0862391324e-05
1.2200000000e+02 -1.1220996110e-04 9.7693429788e-05 2.1114699357e-05
1.2300000000e+02 -2.0594530969e-04 1.8505637187e-04 1.4455981701e-04
1.2400000000e+02 -2.0733540831e-04 1.8505637187e-04 5.4316968721e-05
1.2500000000e+02 -2.1067164500e-04 1.8505637187e-04 -1.4502529805e-04
1.2600000000e+02 -2.1372986197e-04 1.8505637187e-04 4.7195465509e-05
1.2700000000e+02 -2.1612083160e-04 1.8505637187e-04 -1.0890941273e-04
1.2800000000e+02 -2.1612083160e-04 1.8744734150e-04 -7.0921505101e-05
1.2900000000e+02 -2.0733540831e-04 1.8744734150e-04 -3.8934670532e-05
1.3000000000e+02 -2.1067164500e-04 1.8744734150e-04 -1.7937280848e-05
1.3100000000e+02 -2.0594530969e-04 1.9022753874e-04 1.1475219116e-04
1.3200000000e+02 -2.0733540831e-04 1.9022753874e-04 2.1805309047e-05
1.3300000000e+02 -2.0733540831e-04 1.8900425196e-04 -6.0713683964e-05
1.3400000000e+02 -2.1067164500e-04 1.9022753874e-04 -4.5066373972e-07
1.3500000000e+02 -2.1372986197e-04 1.9022753874e-04 1.1222615140e-05
1.3600000000e+02 -2.1372986197e-04 1.8744734150e-04 -6.6389703591e-06
1.3700000000e+02 -2.1612083160e-04 1.8961589535e-04 -1.7033366889e-04
1.3800000000e+02 -2.1612083160e-04 1.9100599397e-04 -7.6240131603e-05
1.3900000000e+02 -2.1372986197e-04 1.9100599397e-04 6.6727545091e-05
1.4000000000e+02 -2.1372986197e-04 1.9200686498e-04 1.3510708439e-04
1.4100000000e+02 -2.1612083160e-04 1.9378619121e-04 -1.0682540238e-04
1.4200000000e+02 -2.1372986197e-04 1.9378619121e-04 5.2956314998e-05
1.4300000000e+02 -2.1612083160e-04 1.9489827011e-04 -1.3651597434e-04
1.4400000000e+02 -2.1067164500e-04 1.9378619121e-04 -1.6410089764e-05
1.4500000000e+02 -2.1372986197e-04 1.9656638845e-04 1.2336168152e-04
1.4600000000e+02 -2.1612083160e-04 1.9656638845e-04 -2.6671011541e-05
1.4700000000e+02 -2.1235088414e-04 1.9656638845e-04 3.6684635372e-05
1.4800000000e+02 -2.1235088414e-04 1.9906856597e-04 1.5362747009e-05
1.4900000000e+02 -2.1612083160e-04 1.9906856597e-04 -4.7045573811e-06
1.5000000000e+02 -2.1612083160e-04 2.0184876321e-04 -1.1823148175e-04
1.5100000000e+02 -2.1235088414e-04 2.0184876321e-04 1.3303342658e-04
1.5200000000e+02 -2.1067164500e-04 2.0206561860e-04 1.8953237222e-04
1.5300000000e+02 -2.1067164500e-04 1.9906856597e-04 7.0344633787e-06
1.5400000000e+02 -2.1067164500e-04 1.9656638845e-04 -1.4691190950e-04
1.5500000000e+02 -2.0733540831e-04 2.0249376897e-04 -5.0283215870e-06
1.5600000000e+02 -2.0733540831e-04 1.9906856597e-04 -4.7762754579e-05
1.5700000000e+02 -2.0733540831e-04 1.9656638845e-04 -5.3254088260e-05
1.5800000000e+02 -2.0733540831e-04 1.9378619121e-04 -2.9500672418e-05
1.5900000000e+02 -2.0594530969e-04 2.0267170160e-04 4.0701696877e-05
1.6000000000e+02 -2.0594530969e-04 1.9906856597e-04 4.9800271188e-05
1.6100000000e+02 -2.0594530969e-04 1.9656638845e-04 4.4001447391e-05
1.6200000000e+02 -2.0594530969e-04 1.9378619121e-04 6.6215756773e-05
1.6300000000e+02 -2.0594530969e-04 1.8744734150e-04 2.9473116573e-05
1.6400000000e+02 -3.1027777150e-04 2.8976017452e-04 1.6647887409e-04
1.6500000000e+02 -3.1205372137e-04 2.8976017452e-04 6.3536500976e-05
1.6600000000e+02 -3.1631600106e-04 2.8976017452e-04 -1.6788195907e-04
1.6700000000e+02 -3.2022309078e-04 2.8976017452e-04 5.0008839853e-05
1.6800000000e+02 -3.2327772456e-04 2.8976017452e-04 -1.2743432225e-04
1.6900000000e+02 -3.2327772456e-04 2.9281480830e-04 -8.7907220297e-05
1.7000000000e+02 -3.1205372137e-04 2.9281480830e-04 -4.6044997380e-05
1.7100000000e+02 -3.1631600106e-04 2.9281480830e-04 -2.2437909677e-05
1.7200000000e+02 -3.1027777150e-04 2.9636670805e-04 1.3104160737e-04
1.7300000000e+02 -3.1205372137e-04 2.9636670805e-04 2.6133222889e-05
1.7400000000e+02 -3.1205372137e-04 2.9480387216e-04 -6.2364759203e-05
1.7500000000e+02 -3.1631600106e-04 2.9636670805e-04 -6.7293671639e-07
1.7600000000e+02 -3.2022309078e-04 2.9636670805e-04 1.7282729845e-05
1.7700000000e+02 -3.2022309078e-04 2.9281480830e-04 -8.3739259798e-06
1.7800000000e+02 -3.2327772456e-04 2.9558529010e-04 -1.9048105810e-04
1.7900000000e+02 -3.2327772456e-04 2.9736123997e-04 -9.0263562715e-05
1.8000000000e+02 -3.2022309078e-04 2.9736123997e-04 7.5830703055e-05
1.8100000000e+02 -3.2022309078e-04 2.9863992388e-04 1.4846268399e-04
1.8200000000e+02 -3.2327772456e-04 3.0091313972e-04 -1.2819756823e-04
1.8300000000e+02 -3.2022309078e-04 3.0091313972e-04 6.4366669413e-05
1.8400000000e+02 -3.2327772456e-04 3.0233389962e-04 -1.5092853027e-04
1.8500000000e+02 -3.1631600106e-04 3.0091313972e-04 -2.0069876623e-05
1.8600000000e+02 -3.2022309078e-04 3.0446503946e-04 1.3657996408e-04
1.8700000000e+02 -3.2327772456e-04 3.0446503946e-04 -3.3453881679e-05
1.8800000000e+02 -3.1846134851e-04 3.0446503946e-04 4.5346883145e-05
1.8900000000e+02 -3.1846134851e-04 3.0766174923e-04 1.9305163075e-05
1.9000000000e+02 -3.2327772456e-04 3.0766174923e-04 -6.1659154579e-06
1.9100000000e+02 -3.2327772456e-04 3.1121364898e-04 -1.3190778115e-04
1.9200000000e+02 -3.1846134851e-04 3.1121364898e-04 1.5026979977e-04
1.9300000000e+02 -3.1631600106e-04 3.1149069716e-04 2.1192829715e-04
1.9400000000e+02 -3.1631600106e-04 3.0766174923e-04 1.0440658915e-05
1.9500000000e+02 -3.1631600106e-04 3.0446503946e-04 -1.5805857634e-04
1.9600000000e+02 -3.1205372137e-04 3.1203768972e-04 -5.2638858534e-06
1.9700000000e+02 -3.1205372137e-04 3.0766174923e-04 -5.2577190140e-05
1.9800000000e+02 -3.1205372137e-04 3.0446503946e-04 -5.9666472928e-05
1.9900000000e+02 -3.1205372137e-04 3.0091313972e-04 -3.0457656621e-05
2.0000000000e+02 -3.1027777150e-04 3.1226501130e-04 4.9856308403e-05
2.0100000000e+02 -3.1027777150e-04 3.0766174923e-04 5.5303341751e-05
2.0200000000e+02 -3.1027777150e-04 3.0446503946e-04 4.8259572878e-05
2.0300000000e+02 -3.1027777150e-04 3.0091313972e-04 7.6230585242e-05
2.0400000000e+02 -3.1027777150e-04 2.9281480830e-04 3.6088611058e-05
2.0500000000e+02 -4.1760278191e-04 4.0338777150e-04 1.7852700686e-04
2.0600000000e+02 -4.1953445500e-04 4.0338777150e-04 6.8962842756e-05
2.0700000000e+02 -4.2417047041e-04 4.0338777150e-04 -1.8057084508e-04
2.0800000000e+02 -4.2842015120e-04 4.0338777150e-04 4.9167009525e-05
2.0900000000e+02 -4.3174262891e-04 4.0338777150e-04 -1.3911019616e-04
2.1000000000e+02 -4.3174262891e-04 4.0671024921e-04 -1.0095587171e-04
2.1100000000e+02 -4.1953445500e-04 4.0671024921e-04 -5.0483757268e-05
2.1200000000e+02 -4.2417047041e-04 4.0671024921e-04 -2.6000233223e-05
2.1300000000e+02 -4.1760278191e-04 4.1057359539e-04 1.3965274406e-04
2.1400000000e+02 -4.1953445500e-04 4.1057359539e-04 2.9288886177e-05
2.1500000000e+02 -4.1953445500e-04 4.0887372307e-04 -5.9570606082e-05
2.1600000000e+02 -4.2417047041e-04 4.1057359539e-04 -8.9840362467e-07
2.1700000000e+02 -4.2842015120e-04 4.1057359539e-04 2.1998557010e-05
2.1800000000e+02 -4.2842015120e-04 4.0671024921e-04 -9.8003408844e-06
2.1900000000e+02 -4.3174262891e-04 4.0972365923e-04 -1.9844764529e-04
2.2000000000e+02 -4.3174262891e-04 4.1165533232e-04 -9.8932888382e-05
2.2100000000e+02 -4.2842015120e-04 4.1165533232e-04 7.9950415370e-05
2.2200000000e+02 -4.2842015120e-04 4.1304613694e-04 1.5216514006e-04
2.2300000000e+02 -4.3174262891e-04 4.1551867849e-04 -1.4254918481e-04
2.2400000000e+02 -4.2842015120e-04 4.1551867849e-04 7.2516452806e-05
2.2500000000e+02 -4.3174262891e-04 4.1706401696e-04 -1.5577866416e-04
2.2600000000e+02 -4.2417047041e-04 4.1551867849e-04 -2.2733857610e-05
2.2700000000e+02 -4.2842015120e-04 4.1938202467e-04 1.4059562779e-04
2.2800000000e+02 -4.3174262891e-04 4.1938202467e-04 -3.8705634111e-05
2.2900000000e+02 -4.2650393150e-04 4.1938202467e-04 5.1860556632e-05
2.3000000000e+02 -4.2650393150e-04 4.2285903623e-04 2.2506403406e-05
2.3100000000e+02 -4.3174262891e-04 4.2285903623e-04 -7.4372103721e-06
2.3200000000e+02 -4.3174262891e-04 4.2672238240e-04 -1.3679182876e-04
2.3300000000e+02 -4.2650393150e-04 4.2672238240e-04 1.5789409510e-04
2.3400000000e+02 -4.2417047041e-04 4.2702372341e-04 2.2020864167e-04
2.3500000000e+02 -4.2417047041e-04 4.2285903623e-04 1.3846607873e-05
2.3600000000e+02 -4.2417047041e-04 4.1938202467e-04 -1.5758043955e-04
2.3700000000e+02 -4.1953445500e-04 4.2761867872e-04 -4.9704343667e-06
2.3800000000e+02 -4.1953445500e-04 4.2285903623e-04 -5.4151828054e-05
2.3900000000e+02 -4.1953445500e-04 4.1938202467e-04 -6.2556586213e-05
2.4000000000e+02 -4.1953445500e-04 4.1551867849e-04 -2.9253945652e-05
2.4100000000e+02 -4.1760278191e-04 4.2786593287e-04 5.6599841462e-05
2.4200000000e+02 -4.1760278191e-04 4.2285903623e-04 5.7491340377e-05
2.4300000000e+02 -4.1760278191e-04 4.1938202467e-04 4.9542518559e-05
2.4400000000e+02 -4.1760278191e-04 4.1551867849e-04 8.2123709019e-05
2.4500000000e+02 -4.1760278191e-04 4.0671024921e-04 4.0970276712e-05
2.4600000000e+02 -5.2225433394e-04 5.2029978497e-04 1.8293556875e-04
2.4700000000e+02 -5.2408535803e-04 5.2029978497e-04 7.1468945871e-05
2.4800000000e+02 -5.2847981586e-04 5.2029978497e-04 -1.8547394472e-04
2.4900000000e+02 -5.3250806887e-04 5.2029978497e-04 4.5876386690e-05
2.5000000000e+02 -5.3565743031e-04 5.2029978497e-04 -1.4500778304e-04
2.5100000000e+02 -5.3565743031e-04 5.2344914641e-04 -1.1018420812e-04
2.5200000000e+02 -5.2408535803e-04 5.2344914641e-04 -5.2802102795e-05
2.5300000000e+02 -5.2847981586e-04 5.2344914641e-04 -2.8613949047e-05
2.5400000000e+02 -5.2225433394e-04 5.2711119460e-04 1.4232189509e-04
2.5500000000e+02 -5.2408535803e-04 5.2711119460e-04 3.1280682268e-05
2.5600000000e+02 -5.2408535803e-04 5.2549989339e-04 -5.3869025936e-05
2.5700000000e+02 -5.2847981586e-04 5.2711119460e-04 -1.0973001461e-06
2.5800000000e+02 -5.3250806887e-04 5.2711119460e-04 2.5855201516e-05
2.5900000000e+02 -5.3250806887e-04 5.2344914641e-04 -1.0884157376e-05
2.6000000000e+02 -5.3565743031e-04 5.2630554400e-04 -1.9774644595e-04
2.6100000000e+02 -5.3565743031e-04 5.2813656809e-04 -1.0344753082e-04
2.6200000000e+02 -5.3250806887e-04 5.2813656809e-04 8.0553331440e-05
2.6300000000e+02 -5.3250806887e-04 5.2945490544e-04 1.4901707687e-04
2.6400000000e+02 -5.3565743031e-04 5.3179861628e-04 -1.5102444084e-04
2.6500000000e+02 -5.3250806887e-04 5.3179861628e-04 7.7802894808e-05
2.6600000000e+02 -5.3565743031e-04 5.3326343556e-04 -1.5383023858e-04
2.6700000000e+02 -5.2847981586e-04 5.3179861628e-04 -2.4509555517e-05
2.6800000000e+02 -5.3250806887e-04 5.3546066447e-04 1.3824472959e-04
2.6900000000e+02 -5.3565743031e-04 5.3546066447e-04 -4.2428809115e-05
2.7000000000e+02 -5.3069169297e-04 5.3546066447e-04 5.6316902472e-05
2.7100000000e+02 -5.3069169297e-04 5.3875650784e-04 2.4944225940e-05
2.7200000000e+02 -5.3565743031e-04 5.3875650784e-04 -8.4424005344e-06
2.7300000000e+02 -5.3565743031e-04 5.4241855603e-04 -1.3561811850e-04
2.7400000000e+02 -5.3069169297e-04 5.4241855603e-04 1.5866153503e-04
2.7500000000e+02 -5.2847981586e-04 5.4270419579e-04 2.1879900024e-04
2.7600000000e+02 -5.2847981586e-04 5.3875650784e-04 1.6818233870e-05
2.7700000000e+02 -5.2847981586e-04 5.3546066447e-04 -1.4980757787e-04
2.7800000000e+02 -5.2408535803e-04 5.4326815121e-04 -4.3460201212e-06
2.7900000000e+02 -5.2408535803e-04 5.3875650784e-04 -5.3281228331e-05
2.8000000000e+02 -5.2408535803e-04 5.3546066447e-04 -6.2752250058e-05
2.8100000000e+02 -5.2408535803e-04 5.3179861628e-04 -2.6563710990e-05
2.8200000000e+02 -5.2225433394e-04 5.4350252230e-04 6.1095751736e-05
2.8300000000e+02 -5.2225433394e-04 5.3875650784e-04 5.7115428483e-05
2.8400000000e+02 -5.2225433394e-04 5.3546066447e-04 4.8624809622e-05
2.8500000000e+02 -5.2225433394e-04 5.3179861628e-04 8.4560807048e-05
2.8600000000e+02 -5.2225433394e-04 5.2344914641e-04 4.4248055594e-05
2.8700000000e+02 -6.2061233634e-04 6.3640694819e-04 1.8223035915e-04
2.8800000000e+02 -6.2210238754e-04 6.3640694819e-04 7.2218613166e-05
2.8900000000e+02 -6.2567851043e-04 6.3640694819e-04 -1.8553765351e-04
2.9000000000e+02 -6.2895662308e-04 6.3640694819e-04 4.1534574468e-05
2.9100000000e+02 -6.3151951115e-04 6.3640694819e-04 -1.4654084901e-04
2.9200000000e+02 -6.3151951115e-04 6.3896983626e-04 -1.1590043605e-04
2.9300000000e+02 -6.2210238754e-04 6.3896983626e-04 -5.3675615448e-05
2.9400000000e+02 -6.2567851043e-04 6.3896983626e-04 -3.0313356553e-05
2.9500000000e+02 -6.2061233634e-04 6.4194993867e-04 1.4080472927e-04
2.9600000000e+02 -6.2210238754e-04 6.4194993867e-04 3.2293022880e-05
2.9700000000e+02 -6.2210238754e-04 6.4063869361e-04 -4.6864815477e-05
2.9800000000e+02 -6.2567851043e-04 6.4194993867e-04 -1.2435980976e-06
2.9900000000e+02 -6.2895662308e-04 6.4194993867e-04 2.9498387570e-05
3.0000000000e+02 -6.2895662308e-04 6.3896983626e-04 -1.1608668646e-05
3.0100000000e+02 -6.3151951115e-04 6.4129431614e-04 -1.9222324380e-04
3.0200000000e+02 -6.3151951115e-04 6.4278436735e-04 -1.0536895992e-04
3.0300000000e+02 -6.2895662308e-04 6.4278436735e-04 7.9311400275e-05
3.0400000000e+02 -6.2895662308e-04 6.4385720422e-04 1.4235446352e-04
3.0500000000e+02 -6.3151951115e-04 6.4576446976e-04 -1.5508379662e-04
3.0600000000e+02 -6.2895662308e-04 6.4576446976e-04 8.0771963481e-05
3.0700000000e+02 -6.3151951115e-04 6.4695651072e-04 -1.4784835149e-04
3.0800000000e+02 -6.2567851043e-04 6.4576446976e-04 -2.5552348004e-05
3.0900000000e+02 -6.2895662308e-04 6.4874457217e-04 1.3290138536e-04
3.1000000000e+02 -6.3151951115e-04 6.4874457217e-04 -4.4965440481e-05
3.1100000000e+02 -6.2747849229e-04 6.4874457217e-04 5.8921001472e-05
3.1200000000e+02 -6.2747849229e-04 6.5142666434e-04 2.6634861129e-05
3.1300000000e+02 -6.3151951115e-04 6.5142666434e-04 -9.1147810960e-06
3.1400000000e+02 -6.3151951115e-04 6.5440676675e-04 -1.3155762585e-04
3.1500000000e+02 -6.2747849229e-04 6.5440676675e-04 1.5580352240e-04
3.1600000000e+02 -6.2567851043e-04 6.5463921473e-04 2.1278201952e-04
3.1700000000e+02 -6.2567851043e-04 6.5142666434e-04 1.8876415149e-05
3.1800000000e+02 -6.2567851043e-04 6.4874457217e-04 -1.3949583009e-04
3.1900000000e+02 -6.2210238754e-04 6.5509815050e-04 -3.6112681564e-06
3.2000000000e+02 -6.2210238754e-04 6.5142666434e-04 -5.1038574889e-05
3.2100000000e+02 -6.2210238754e-04 6.4874457217e-04 -6.1053765802e-05
3.2200000000e+02 -6.2210238754e-04 6.4576446976e-04 -2.3223267634e-05
3.2300000000e+02 -6.2061233634e-04 6.5528887706e-04 6.3620486106e-05
3.2400000000e+02 -6.2061233634e-04 6.5142666434e-04 5.5202763961e-05
3.2500000000e+02 -6.2061233634e-04 6.4874457217e-04 4.6227581576e-05
3.2600000000e+02 -6.2061233634e-04 6.4576446976e-04 8.4468517958e-05
3.2700000000e+02 -6.2061233634e-04 6.3896983626e-04 4.6126868828e-05
3.2800000000e+02 -7.1133776240e-04 7.4959730558e-04 1.8067542341e-04
3.2900000000e+02 -7.1230434741e-04 7.4959730558e-04 7.2225008662e-05
3.3000000000e+02 -7.1462415144e-04 7.4959730558e-04 -1.8425154740e-04
3.3100000000e+02 -7.1675063846e-04 7.4959730558e-04 3.8081274603e-05
3.3200000000e+02 -7.1841316468e-04 7.4959730558e-04 -1.4570317623e-04
3.3300000000e+02 -7.1841316468e-04 7.5125983180e-04 -1.1841465145e-04
3.3400000000e+02 -7.1230434741e-04 7.5125983180e-04 -5.3762855074e-05
3.3500000000e+02 -7.1462415144e-04 7.5125983180e-04 -3.1153751118e-05
3.3600000000e+02 -7.1133776240e-04 7.5319300183e-04 1.3859429497e-04
3.3700000000e+02 -7.1230434741e-04 7.5319300183e-04 3.2234677851e-05
3.3800000000e+02 -7.1230434741e-04 7.5234240702e-04 -4.1569663863e-05
3.3900000000e+02 -7.1462415144e-04 7.5319300183e-04 -1.2979313893e-06
3.4000000000e+02 -7.1675063846e-04 7.5319300183e-04 3.2823365413e-05
3.4100000000e+02 -7.1675063846e-04 7.5125983180e-04 -1.1954674092e-05
3.4200000000e+02 -7.1841316468e-04 7.5276770442e-04 -1.8668519680e-04
3.4300000000e+02 -7.1841316468e-04 7.5373428943e-04 -1.0664545998e-04
3.4400000000e+02 -7.1675063846e-04 7.5373428943e-04 7.8563035839e-05
3.4500000000e+02 -7.1675063846e-04 7.5443023064e-04 1.3612842826e-04
3.4600000000e+02 -7.1841316468e-04 7.5566745946e-04 -1.5611244424e-04
3.4700000000e+02 -7.1675063846e-04 7.5566745946e-04 8.2003520369e-05
3.4800000000e+02 -7.1841316468e-04 7.5644072747e-04 -1.4304163519e-04
3.4900000000e+02 -7.1462415144e-04 7.5566745946e-04 -2.6034125183e-05
3.5000000000e+02 -7.1675063846e-04 7.5760062948e-04 1.2910292496e-04
3.5100000000e+02 -7.1841316468e-04 7.5760062948e-04 -4.6281239796e-05
3.5200000000e+02 -7.1579178613e-04 7.5760062948e-04 5.9836559178e-05
3.5300000000e+02 -7.1579178613e-04 7.5934048250e-04 2.7625611223e-05
3.5400000000e+02 -7.1841316468e-04 7.5934048250e-04 -9.3860449934e-06
3.5500000000e+02 -7.1841316468e-04 7.6127365253e-04 -1.2892602008e-04
3.5600000000e+02 -7.1579178613e-04 7.6127365253e-04 1.5368439102e-04
3.5700000000e+02 -7.1462415144e-04 7.6142443979e-04 2.0866087761e-04
3.5800000000e+02 -7.1462415144e-04 7.5934048250e-04 1.9431136447e-05
3.5900000000e+02 -7.1462415144e-04 7.5760062948e-04 -1.3293279616e-04
3.6000000000e+02 -7.1230434741e-04 7.6172214797e-04 -2.8913430484e-06
3.6100000000e+02 -7.1230434741e-04 7.5934048250e-04 -4.8706709178e-05
3.6200000000e+02 -7.1230434741e-04 7.5760062948e-04 -5.9465390393e-05
3.6300000000e+02 -7.1230434741e-04 7.5566745946e-04 -2.0613511090e-05
3.6400000000e+02 -7.1133776240e-04 7.6184587086e-04 6.4362561819e-05
3.6500000000e+02 -7.1133776240e-04 7.5934048250e-04 5.3040314011e-05
3.6600000000e+02 -7.1133776240e-04 7.5760062948e-04 4.4274752740e-05
3.6700000000e+02 -7.1133776240e-04 7.5566745946e-04 8.3325481272e-05
3.6800000000e+02 -7.1133776240e-04 7.5125983180e-04 4.6826173334e-05
1.0010000000e+03 -3.9451581417e-05 3.2925595443e-05 0.0000000000e+00
1.0020000000e+03 -1.1527329333e-04 1.0128052635e-04 0.0000000000e+00
1.0030000000e+03 -2.1088850039e-04 1.9323571216e-04 0.0000000000e+00
1.0040000000e+03 -3.1659304924e-04 3.0020986357e-04 0.0000000000e+00
1.0050000000e+03 -4.2447181141e-04 4.1475373595e-04 0.0000000000e+00
1.0060000000e+03 -5.2876545562e-04 5.3107353074e-04 0.0000000000e+00
1.0070000000e+03 -6.2591095842e-04 6.4517440948e-04 0.0000000000e+00
1.0080000000e+03 -7.1477493870e-04 7.5528469179e-04 0.0000000000e+00
